<?xml version="1.0" encoding="UTF-8"?>
<testsuite xmlns:xsi="http://www.w3.org/2001/XMLSchema-instance" xsi:noNamespaceSchemaLocation="https://maven.apache.org/surefire/maven-surefire-plugin/xsd/surefire-test-report-3.0.xsd" version="3.0" name="org.suai.protocol.AuthenticationTest" time="3.301" tests="6" errors="0" skipped="0" failures="0">
  <properties>
    <property name="java.specification.version" value="17"/>
    <property name="sun.cpu.isalist" value="amd64"/>
    <property name="sun.jnu.encoding" value="Cp1252"/>
    <property name="java.class.path" value="C:\Users\Raven\Desktop\Protocolos Probados\Oficial\FeigeFiatShamir\target\test-classes;C:\Users\Raven\Desktop\Protocolos Probados\Oficial\FeigeFiatShamir\target\classes;C:\Users\Raven\.m2\repository\org\projectlombok\lombok\1.18.28\lombok-1.18.28.jar;C:\Users\Raven\.m2\repository\org\junit\jupiter\junit-jupiter\5.8.2\junit-jupiter-5.8.2.jar;C:\Users\Raven\.m2\repository\org\junit\jupiter\junit-jupiter-api\5.8.2\junit-jupiter-api-5.8.2.jar;C:\Users\Raven\.m2\repository\org\opentest4j\opentest4j\1.2.0\opentest4j-1.2.0.jar;C:\Users\Raven\.m2\repository\org\junit\platform\junit-platform-commons\1.8.2\junit-platform-commons-1.8.2.jar;C:\Users\Raven\.m2\repository\org\apiguardian\apiguardian-api\1.1.2\apiguardian-api-1.1.2.jar;C:\Users\Raven\.m2\repository\org\junit\jupiter\junit-jupiter-params\5.8.2\junit-jupiter-params-5.8.2.jar;C:\Users\Raven\.m2\repository\org\junit\jupiter\junit-jupiter-engine\5.8.2\junit-jupiter-engine-5.8.2.jar;C:\Users\Raven\.m2\repository\org\junit\platform\junit-platform-engine\1.8.2\junit-platform-engine-1.8.2.jar;"/>
    <property name="java.vm.vendor" value="Oracle Corporation"/>
    <property name="sun.arch.data.model" value="64"/>
    <property name="user.variant" value=""/>
    <property name="java.vendor.url" value="https://java.oracle.com/"/>
    <property name="user.timezone" value="America/Guatemala"/>
    <property name="os.name" value="Windows 10"/>
    <property name="java.vm.specification.version" value="17"/>
    <property name="sun.java.launcher" value="SUN_STANDARD"/>
    <property name="user.country" value="MX"/>
    <property name="sun.boot.library.path" value="C:\Program Files\Java\jdk-17\bin"/>
    <property name="sun.java.command" value="C:\Users\Raven\AppData\Local\Temp\surefire5535500987665804353\surefirebooter-20241015222452791_3.jar C:\Users\Raven\AppData\Local\Temp\surefire5535500987665804353 2024-10-15T22-24-51_695-jvmRun1 surefire-20241015222452791_1tmp surefire_0-20241015222452791_2tmp"/>
    <property name="jdk.debug" value="release"/>
    <property name="surefire.test.class.path" value="C:\Users\Raven\Desktop\Protocolos Probados\Oficial\FeigeFiatShamir\target\test-classes;C:\Users\Raven\Desktop\Protocolos Probados\Oficial\FeigeFiatShamir\target\classes;C:\Users\Raven\.m2\repository\org\projectlombok\lombok\1.18.28\lombok-1.18.28.jar;C:\Users\Raven\.m2\repository\org\junit\jupiter\junit-jupiter\5.8.2\junit-jupiter-5.8.2.jar;C:\Users\Raven\.m2\repository\org\junit\jupiter\junit-jupiter-api\5.8.2\junit-jupiter-api-5.8.2.jar;C:\Users\Raven\.m2\repository\org\opentest4j\opentest4j\1.2.0\opentest4j-1.2.0.jar;C:\Users\Raven\.m2\repository\org\junit\platform\junit-platform-commons\1.8.2\junit-platform-commons-1.8.2.jar;C:\Users\Raven\.m2\repository\org\apiguardian\apiguardian-api\1.1.2\apiguardian-api-1.1.2.jar;C:\Users\Raven\.m2\repository\org\junit\jupiter\junit-jupiter-params\5.8.2\junit-jupiter-params-5.8.2.jar;C:\Users\Raven\.m2\repository\org\junit\jupiter\junit-jupiter-engine\5.8.2\junit-jupiter-engine-5.8.2.jar;C:\Users\Raven\.m2\repository\org\junit\platform\junit-platform-engine\1.8.2\junit-platform-engine-1.8.2.jar;"/>
    <property name="sun.cpu.endian" value="little"/>
    <property name="user.home" value="C:\Users\Raven"/>
    <property name="user.language" value="es"/>
    <property name="java.specification.vendor" value="Oracle Corporation"/>
    <property name="java.version.date" value="2024-04-16"/>
    <property name="java.home" value="C:\Program Files\Java\jdk-17"/>
    <property name="file.separator" value="\"/>
    <property name="basedir" value="C:\Users\Raven\Desktop\Protocolos Probados\Oficial\FeigeFiatShamir"/>
    <property name="java.vm.compressedOopsMode" value="32-bit"/>
    <property name="line.separator" value="&#10;"/>
    <property name="java.vm.specification.vendor" value="Oracle Corporation"/>
    <property name="java.specification.name" value="Java Platform API Specification"/>
    <property name="surefire.real.class.path" value="C:\Users\Raven\AppData\Local\Temp\surefire5535500987665804353\surefirebooter-20241015222452791_3.jar"/>
    <property name="user.script" value=""/>
    <property name="sun.management.compiler" value="HotSpot 64-Bit Tiered Compilers"/>
    <property name="java.runtime.version" value="17.0.11+7-LTS-207"/>
    <property name="user.name" value="Raven"/>
    <property name="path.separator" value=";"/>
    <property name="os.version" value="10.0"/>
    <property name="java.runtime.name" value="Java(TM) SE Runtime Environment"/>
    <property name="file.encoding" value="Cp1252"/>
    <property name="java.vm.name" value="Java HotSpot(TM) 64-Bit Server VM"/>
    <property name="localRepository" value="C:\Users\Raven\.m2\repository"/>
    <property name="java.vendor.url.bug" value="https://bugreport.java.com/bugreport/"/>
    <property name="java.io.tmpdir" value="C:\Users\Raven\AppData\Local\Temp\"/>
    <property name="java.version" value="17.0.11"/>
    <property name="user.dir" value="C:\Users\Raven\Desktop\Protocolos Probados\Oficial\FeigeFiatShamir"/>
    <property name="os.arch" value="amd64"/>
    <property name="java.vm.specification.name" value="Java Virtual Machine Specification"/>
    <property name="sun.os.patch.level" value=""/>
    <property name="native.encoding" value="Cp1252"/>
    <property name="java.library.path" value="C:\Program Files\Java\jdk-17\bin;C:\Windows\Sun\Java\bin;C:\Windows\system32;C:\Windows;C:\Program Files\Common Files\Oracle\Java\javapath;C:\Windows\system32;C:\Windows;C:\Windows\System32\Wbem;C:\Windows\System32\WindowsPowerShell\v1.0\;C:\Windows\System32\OpenSSH\;C:\Program Files\apache-maven-3.9.8\bin;C:\Users\Raven\AppData\Local\Programs\Python\Python312\Scripts\;C:\Users\Raven\AppData\Local\Programs\Python\Python312\;C:\Users\Raven\AppData\Local\Programs\Python\Python37\Scripts\;C:\Users\Raven\AppData\Local\Programs\Python\Python37\;C:\Users\Raven\.cargo\bin;C:\Users\Raven\AppData\Local\Microsoft\WindowsApps;;C:\Users\Raven\AppData\Local\Programs\Microsoft VS Code\bin;."/>
    <property name="java.vm.info" value="mixed mode, sharing"/>
    <property name="java.vendor" value="Oracle Corporation"/>
    <property name="java.vm.version" value="17.0.11+7-LTS-207"/>
    <property name="sun.io.unicode.encoding" value="UnicodeLittle"/>
    <property name="java.class.version" value="61.0"/>
  </properties>
  <testcase name="testAuthenticationSuccess" classname="org.suai.protocol.AuthenticationTest" time="1.144">
    <system-out><![CDATA[r: 104849308986658124
y: 624813673209003755289281186457035974725056708593
z: 10993377594979708041450637655199376
x: 748716651369875359326783062338047211601879582623
-x: 10993377594979708041450637655199376
e: [0, 1, 1, 0, 1]
r: 840187029351686496
y: 305876995694496086145218032707436000391544318634
z: 705914244290811705551004159468758016
x: 748716651369180438460087230340537658080066023983
-x: 705914244290811705551004159468758016
e: [0, 1, 0, 1, 0]
r: 214900635431376212
y: 559531201087546169518343249275740246949184507403
z: 748716651369840170421269232777137187563255313055
x: 46182283108809268951474676279468944
-x: 748716651369840170421269232777137187563255313055
e: [1, 1, 1, 1, 0]
r: 701854088841848482
y: 246906908464297288952333924719863396322903492395
z: 492599162024021341845297698645704324
x: 748716651369393753542354020704243364540889077675
-x: 492599162024021341845297698645704324
e: [0, 1, 0, 0, 1]
r: 629037687386069397
y: 681533006784306500856928641443206623444039706652
z: 748716651369490664292226027675918883182234838390
x: 395688412152014370169779057299943609
-x: 748716651369490664292226027675918883182234838390
e: [1, 1, 1, 0, 0]
r: 720120613480840118
y: 142220329555773716693067970949329692480154205636
z: 518573697960021530289511887078253924
x: 518573697960021530289511887078253924
-x: 748716651369367779006418020515799150352456528075
e: [1, 1, 1, 0, 0]
r: 425775691967313342
y: 1452716239071434188852126534357395186
z: 181284939870244495142833745611208964
x: 181284939870244495142833745611208964
-x: 748716651369705067764507797550945828493923573035
e: [0, 1, 0, 0, 0]
r: 1012089738290422780
y: 5521039985414228263094080538232072440
z: 1024325638352776474723208671142928400
x: 1024325638352776474723208671142928400
-x: 748716651368862027066025265571365453568391853599
e: [0, 0, 0, 0, 1]
r: 1060815204607288922
y: 733066490892194541079775534744182971352695815341
z: 1125328898326004259725540010783922084
x: 1125328898326004259725540010783922084
-x: 748716651368761023806052037786363122228750859915
e: [1, 1, 0, 1, 1]
r: 1092770454009760300
y: 132339695379978767688627665630194829074201466029
z: 748716651368692205439221344395164214576078691999
x: 1194147265156697650924447663456090000
-x: 748716651368692205439221344395164214576078691999
e: [1, 1, 0, 1, 1]
]]></system-out>
    <system-err><![CDATA[oct. 15, 2024 10:24:57 P. M. org.suai.protocol.AuthenticationTest testAuthenticationSuccess
INFO: La autenticación fue exitosa para t = 10 y k = 5, como se esperaba.
]]></system-err>
  </testcase>
  <testcase name="testAuthenticationWithNegativeAttempts" classname="org.suai.protocol.AuthenticationTest" time="0.016">
    <system-err><![CDATA[oct. 15, 2024 10:24:57 P. M. org.suai.protocol.Authentication authentication
WARNING: El número de intentos debe ser mayor que cero.
oct. 15, 2024 10:24:57 P. M. org.suai.protocol.AuthenticationTest testAuthenticationWithNegativeAttempts
INFO: La autenticación falló como se esperaba con intentos negativos.
]]></system-err>
  </testcase>
  <testcase name="testAuthenticationWithZeroAttempts" classname="org.suai.protocol.AuthenticationTest" time="0.056">
    <system-err><![CDATA[oct. 15, 2024 10:24:57 P. M. org.suai.protocol.Authentication authentication
WARNING: El número de intentos debe ser mayor que cero.
oct. 15, 2024 10:24:57 P. M. org.suai.protocol.AuthenticationTest testAuthenticationWithZeroAttempts
INFO: La autenticación falló como se esperaba al no hacer intentos.
]]></system-err>
  </testcase>
  <testcase name="testRandomValuesAuthentication" classname="org.suai.protocol.AuthenticationTest" time="0.352">
    <system-out><![CDATA[r: 974475379182994432
y: 974475379182994432
z: 949602264633840777989666418143002624
x: 949602264633840777989666418143002624
-x: 992970484803244232550461814340343428494026594449
e: [0, 0]
r: 108377303281738474
y: 735650269932920734422148432735779112
z: 992970484804182089175229033197326807100437748397
x: 992970484804182089175229033197326807100437748397
-x: 11745639866621921006287811731848676
e: [0, 1]
r: 11363569835691980
y: 27179005295825810436730024732542700
z: 129130719410648653334325436320400
x: 129130719410648653334325436320400
-x: 992970484804193705684376244469679760586733276673
e: [1, 0]
]]></system-out>
    <system-err><![CDATA[oct. 15, 2024 10:24:57 P. M. org.suai.protocol.AuthenticationTest testRandomValuesAuthentication
INFO: Probando con t: 3, k: 2, n: 992970484804193834815095655118333094912169597073
oct. 15, 2024 10:24:57 P. M. org.suai.protocol.AuthenticationTest testRandomValuesAuthentication
INFO: La autenticación fue exitosa, como se esperaba.
]]></system-err>
  </testcase>
  <testcase name="testFalseAuthenticationFailure" classname="org.suai.protocol.AuthenticationTest" time="1.453">
    <system-out><![CDATA[Se utilizó el vector e: [0, 1, 1, 1, 0, 1] - intentemos adivinarlo.
z: 227007621692847673646044763488433379440048805661
x: 62478779193559710504134536963996068287840997139
-x: 273662496078108860047228185927198458914589882295

z: 227007621692847673646044763488433379440048805661
x: 62478779193559710504134536963996068287840997139
-x: 273662496078108860047228185927198458914589882295

z: 227007621692847673646044763488433379440048805661
x: 62478779193559710504134536963996068287840997139
-x: 273662496078108860047228185927198458914589882295

z: 227007621692847673646044763488433379440048805661
x: 62478779193559710504134536963996068287840997139
-x: 273662496078108860047228185927198458914589882295

z: 227007621692847673646044763488433379440048805661
x: 62478779193559710504134536963996068287840997139
-x: 273662496078108860047228185927198458914589882295

z: 227007621692847673646044763488433379440048805661
x: 62478779193559710504134536963996068287840997139
-x: 273662496078108860047228185927198458914589882295

z: 227007621692847673646044763488433379440048805661
x: 62478779193559710504134536963996068287840997139
-x: 273662496078108860047228185927198458914589882295

z: 227007621692847673646044763488433379440048805661
x: 62478779193559710504134536963996068287840997139
-x: 273662496078108860047228185927198458914589882295

z: 227007621692847673646044763488433379440048805661
x: 62478779193559710504134536963996068287840997139
-x: 273662496078108860047228185927198458914589882295

z: 227007621692847673646044763488433379440048805661
x: 62478779193559710504134536963996068287840997139
-x: 273662496078108860047228185927198458914589882295

z: 227007621692847673646044763488433379440048805661
x: 62478779193559710504134536963996068287840997139
-x: 273662496078108860047228185927198458914589882295

z: 227007621692847673646044763488433379440048805661
x: 62478779193559710504134536963996068287840997139
-x: 273662496078108860047228185927198458914589882295

z: 227007621692847673646044763488433379440048805661
x: 62478779193559710504134536963996068287840997139
-x: 273662496078108860047228185927198458914589882295

z: 227007621692847673646044763488433379440048805661
x: 62478779193559710504134536963996068287840997139
-x: 273662496078108860047228185927198458914589882295

z: 227007621692847673646044763488433379440048805661
x: 62478779193559710504134536963996068287840997139
-x: 273662496078108860047228185927198458914589882295

z: 227007621692847673646044763488433379440048805661
x: 62478779193559710504134536963996068287840997139
-x: 273662496078108860047228185927198458914589882295

z: 227007621692847673646044763488433379440048805661
x: 62478779193559710504134536963996068287840997139
-x: 273662496078108860047228185927198458914589882295

z: 227007621692847673646044763488433379440048805661
x: 62478779193559710504134536963996068287840997139
-x: 273662496078108860047228185927198458914589882295

z: 227007621692847673646044763488433379440048805661
x: 62478779193559710504134536963996068287840997139
-x: 273662496078108860047228185927198458914589882295

z: 227007621692847673646044763488433379440048805661
x: 62478779193559710504134536963996068287840997139
-x: 273662496078108860047228185927198458914589882295

z: 227007621692847673646044763488433379440048805661
x: 62478779193559710504134536963996068287840997139
-x: 273662496078108860047228185927198458914589882295

z: 227007621692847673646044763488433379440048805661
x: 62478779193559710504134536963996068287840997139
-x: 273662496078108860047228185927198458914589882295

z: 227007621692847673646044763488433379440048805661
x: 62478779193559710504134536963996068287840997139
-x: 273662496078108860047228185927198458914589882295

z: 227007621692847673646044763488433379440048805661
x: 62478779193559710504134536963996068287840997139
-x: 273662496078108860047228185927198458914589882295

z: 227007621692847673646044763488433379440048805661
x: 62478779193559710504134536963996068287840997139
-x: 273662496078108860047228185927198458914589882295

z: 227007621692847673646044763488433379440048805661
x: 62478779193559710504134536963996068287840997139
-x: 273662496078108860047228185927198458914589882295

z: 227007621692847673646044763488433379440048805661
x: 62478779193559710504134536963996068287840997139
-x: 273662496078108860047228185927198458914589882295

z: 227007621692847673646044763488433379440048805661
x: 62478779193559710504134536963996068287840997139
-x: 273662496078108860047228185927198458914589882295

z: 227007621692847673646044763488433379440048805661
x: 62478779193559710504134536963996068287840997139
-x: 273662496078108860047228185927198458914589882295

z: 227007621692847673646044763488433379440048805661
x: 62478779193559710504134536963996068287840997139
-x: 273662496078108860047228185927198458914589882295

z: 227007621692847673646044763488433379440048805661
x: 62478779193559710504134536963996068287840997139
-x: 273662496078108860047228185927198458914589882295

z: 227007621692847673646044763488433379440048805661
x: 62478779193559710504134536963996068287840997139
-x: 273662496078108860047228185927198458914589882295

z: 227007621692847673646044763488433379440048805661
x: 62478779193559710504134536963996068287840997139
-x: 273662496078108860047228185927198458914589882295

z: 227007621692847673646044763488433379440048805661
x: 62478779193559710504134536963996068287840997139
-x: 273662496078108860047228185927198458914589882295

z: 227007621692847673646044763488433379440048805661
x: 62478779193559710504134536963996068287840997139
-x: 273662496078108860047228185927198458914589882295

z: 227007621692847673646044763488433379440048805661
x: 62478779193559710504134536963996068287840997139
-x: 273662496078108860047228185927198458914589882295

z: 227007621692847673646044763488433379440048805661
x: 62478779193559710504134536963996068287840997139
-x: 273662496078108860047228185927198458914589882295

z: 227007621692847673646044763488433379440048805661
x: 62478779193559710504134536963996068287840997139
-x: 273662496078108860047228185927198458914589882295

z: 227007621692847673646044763488433379440048805661
x: 62478779193559710504134536963996068287840997139
-x: 273662496078108860047228185927198458914589882295

z: 227007621692847673646044763488433379440048805661
x: 62478779193559710504134536963996068287840997139
-x: 273662496078108860047228185927198458914589882295

z: 227007621692847673646044763488433379440048805661
x: 62478779193559710504134536963996068287840997139
-x: 273662496078108860047228185927198458914589882295

z: 227007621692847673646044763488433379440048805661
x: 62478779193559710504134536963996068287840997139
-x: 273662496078108860047228185927198458914589882295

z: 227007621692847673646044763488433379440048805661
x: 62478779193559710504134536963996068287840997139
-x: 273662496078108860047228185927198458914589882295

z: 227007621692847673646044763488433379440048805661
x: 62478779193559710504134536963996068287840997139
-x: 273662496078108860047228185927198458914589882295

z: 227007621692847673646044763488433379440048805661
x: 62478779193559710504134536963996068287840997139
-x: 273662496078108860047228185927198458914589882295

z: 227007621692847673646044763488433379440048805661
x: 62478779193559710504134536963996068287840997139
-x: 273662496078108860047228185927198458914589882295

z: 227007621692847673646044763488433379440048805661
x: 62478779193559710504134536963996068287840997139
-x: 273662496078108860047228185927198458914589882295

z: 227007621692847673646044763488433379440048805661
x: 62478779193559710504134536963996068287840997139
-x: 273662496078108860047228185927198458914589882295

z: 227007621692847673646044763488433379440048805661
x: 62478779193559710504134536963996068287840997139
-x: 273662496078108860047228185927198458914589882295

z: 227007621692847673646044763488433379440048805661
x: 62478779193559710504134536963996068287840997139
-x: 273662496078108860047228185927198458914589882295

z: 227007621692847673646044763488433379440048805661
x: 62478779193559710504134536963996068287840997139
-x: 273662496078108860047228185927198458914589882295

z: 227007621692847673646044763488433379440048805661
x: 62478779193559710504134536963996068287840997139
-x: 273662496078108860047228185927198458914589882295

z: 227007621692847673646044763488433379440048805661
x: 62478779193559710504134536963996068287840997139
-x: 273662496078108860047228185927198458914589882295

z: 227007621692847673646044763488433379440048805661
x: 62478779193559710504134536963996068287840997139
-x: 273662496078108860047228185927198458914589882295

z: 227007621692847673646044763488433379440048805661
x: 62478779193559710504134536963996068287840997139
-x: 273662496078108860047228185927198458914589882295

z: 227007621692847673646044763488433379440048805661
x: 62478779193559710504134536963996068287840997139
-x: 273662496078108860047228185927198458914589882295

z: 227007621692847673646044763488433379440048805661
x: 62478779193559710504134536963996068287840997139
-x: 273662496078108860047228185927198458914589882295

z: 227007621692847673646044763488433379440048805661
x: 62478779193559710504134536963996068287840997139
-x: 273662496078108860047228185927198458914589882295

z: 227007621692847673646044763488433379440048805661
x: 62478779193559710504134536963996068287840997139
-x: 273662496078108860047228185927198458914589882295

z: 227007621692847673646044763488433379440048805661
x: 62478779193559710504134536963996068287840997139
-x: 273662496078108860047228185927198458914589882295

z: 227007621692847673646044763488433379440048805661
x: 62478779193559710504134536963996068287840997139
-x: 273662496078108860047228185927198458914589882295

z: 227007621692847673646044763488433379440048805661
x: 62478779193559710504134536963996068287840997139
-x: 273662496078108860047228185927198458914589882295

z: 227007621692847673646044763488433379440048805661
x: 62478779193559710504134536963996068287840997139
-x: 273662496078108860047228185927198458914589882295

z: 227007621692847673646044763488433379440048805661
x: 62478779193559710504134536963996068287840997139
-x: 273662496078108860047228185927198458914589882295

z: 227007621692847673646044763488433379440048805661
x: 62478779193559710504134536963996068287840997139
-x: 273662496078108860047228185927198458914589882295

z: 227007621692847673646044763488433379440048805661
x: 62478779193559710504134536963996068287840997139
-x: 273662496078108860047228185927198458914589882295

z: 227007621692847673646044763488433379440048805661
x: 62478779193559710504134536963996068287840997139
-x: 273662496078108860047228185927198458914589882295

z: 227007621692847673646044763488433379440048805661
x: 62478779193559710504134536963996068287840997139
-x: 273662496078108860047228185927198458914589882295

z: 227007621692847673646044763488433379440048805661
x: 62478779193559710504134536963996068287840997139
-x: 273662496078108860047228185927198458914589882295

z: 227007621692847673646044763488433379440048805661
x: 62478779193559710504134536963996068287840997139
-x: 273662496078108860047228185927198458914589882295

z: 227007621692847673646044763488433379440048805661
x: 62478779193559710504134536963996068287840997139
-x: 273662496078108860047228185927198458914589882295

z: 227007621692847673646044763488433379440048805661
x: 62478779193559710504134536963996068287840997139
-x: 273662496078108860047228185927198458914589882295

z: 227007621692847673646044763488433379440048805661
x: 62478779193559710504134536963996068287840997139
-x: 273662496078108860047228185927198458914589882295

z: 227007621692847673646044763488433379440048805661
x: 62478779193559710504134536963996068287840997139
-x: 273662496078108860047228185927198458914589882295

z: 227007621692847673646044763488433379440048805661
x: 62478779193559710504134536963996068287840997139
-x: 273662496078108860047228185927198458914589882295

z: 227007621692847673646044763488433379440048805661
x: 62478779193559710504134536963996068287840997139
-x: 273662496078108860047228185927198458914589882295

z: 227007621692847673646044763488433379440048805661
x: 62478779193559710504134536963996068287840997139
-x: 273662496078108860047228185927198458914589882295

z: 227007621692847673646044763488433379440048805661
x: 62478779193559710504134536963996068287840997139
-x: 273662496078108860047228185927198458914589882295

z: 227007621692847673646044763488433379440048805661
x: 62478779193559710504134536963996068287840997139
-x: 273662496078108860047228185927198458914589882295

z: 227007621692847673646044763488433379440048805661
x: 62478779193559710504134536963996068287840997139
-x: 273662496078108860047228185927198458914589882295

z: 227007621692847673646044763488433379440048805661
x: 62478779193559710504134536963996068287840997139
-x: 273662496078108860047228185927198458914589882295

z: 227007621692847673646044763488433379440048805661
x: 62478779193559710504134536963996068287840997139
-x: 273662496078108860047228185927198458914589882295

z: 227007621692847673646044763488433379440048805661
x: 62478779193559710504134536963996068287840997139
-x: 273662496078108860047228185927198458914589882295

z: 227007621692847673646044763488433379440048805661
x: 62478779193559710504134536963996068287840997139
-x: 273662496078108860047228185927198458914589882295

z: 227007621692847673646044763488433379440048805661
x: 62478779193559710504134536963996068287840997139
-x: 273662496078108860047228185927198458914589882295

z: 227007621692847673646044763488433379440048805661
x: 62478779193559710504134536963996068287840997139
-x: 273662496078108860047228185927198458914589882295

z: 227007621692847673646044763488433379440048805661
x: 62478779193559710504134536963996068287840997139
-x: 273662496078108860047228185927198458914589882295

z: 227007621692847673646044763488433379440048805661
x: 62478779193559710504134536963996068287840997139
-x: 273662496078108860047228185927198458914589882295

z: 227007621692847673646044763488433379440048805661
x: 62478779193559710504134536963996068287840997139
-x: 273662496078108860047228185927198458914589882295

z: 227007621692847673646044763488433379440048805661
x: 62478779193559710504134536963996068287840997139
-x: 273662496078108860047228185927198458914589882295

z: 227007621692847673646044763488433379440048805661
x: 62478779193559710504134536963996068287840997139
-x: 273662496078108860047228185927198458914589882295

z: 227007621692847673646044763488433379440048805661
x: 62478779193559710504134536963996068287840997139
-x: 273662496078108860047228185927198458914589882295

z: 227007621692847673646044763488433379440048805661
x: 62478779193559710504134536963996068287840997139
-x: 273662496078108860047228185927198458914589882295

z: 227007621692847673646044763488433379440048805661
x: 62478779193559710504134536963996068287840997139
-x: 273662496078108860047228185927198458914589882295

z: 227007621692847673646044763488433379440048805661
x: 62478779193559710504134536963996068287840997139
-x: 273662496078108860047228185927198458914589882295

z: 227007621692847673646044763488433379440048805661
x: 62478779193559710504134536963996068287840997139
-x: 273662496078108860047228185927198458914589882295

z: 227007621692847673646044763488433379440048805661
x: 62478779193559710504134536963996068287840997139
-x: 273662496078108860047228185927198458914589882295

z: 227007621692847673646044763488433379440048805661
x: 62478779193559710504134536963996068287840997139
-x: 273662496078108860047228185927198458914589882295

z: 227007621692847673646044763488433379440048805661
x: 62478779193559710504134536963996068287840997139
-x: 273662496078108860047228185927198458914589882295

z: 227007621692847673646044763488433379440048805661
x: 62478779193559710504134536963996068287840997139
-x: 273662496078108860047228185927198458914589882295

z: 227007621692847673646044763488433379440048805661
x: 62478779193559710504134536963996068287840997139
-x: 273662496078108860047228185927198458914589882295

z: 227007621692847673646044763488433379440048805661
x: 62478779193559710504134536963996068287840997139
-x: 273662496078108860047228185927198458914589882295

z: 227007621692847673646044763488433379440048805661
x: 62478779193559710504134536963996068287840997139
-x: 273662496078108860047228185927198458914589882295

z: 227007621692847673646044763488433379440048805661
x: 62478779193559710504134536963996068287840997139
-x: 273662496078108860047228185927198458914589882295

z: 227007621692847673646044763488433379440048805661
x: 62478779193559710504134536963996068287840997139
-x: 273662496078108860047228185927198458914589882295

z: 227007621692847673646044763488433379440048805661
x: 62478779193559710504134536963996068287840997139
-x: 273662496078108860047228185927198458914589882295

z: 227007621692847673646044763488433379440048805661
x: 62478779193559710504134536963996068287840997139
-x: 273662496078108860047228185927198458914589882295

z: 227007621692847673646044763488433379440048805661
x: 62478779193559710504134536963996068287840997139
-x: 273662496078108860047228185927198458914589882295

z: 227007621692847673646044763488433379440048805661
x: 62478779193559710504134536963996068287840997139
-x: 273662496078108860047228185927198458914589882295

z: 227007621692847673646044763488433379440048805661
x: 62478779193559710504134536963996068287840997139
-x: 273662496078108860047228185927198458914589882295

z: 227007621692847673646044763488433379440048805661
x: 62478779193559710504134536963996068287840997139
-x: 273662496078108860047228185927198458914589882295

z: 227007621692847673646044763488433379440048805661
x: 62478779193559710504134536963996068287840997139
-x: 273662496078108860047228185927198458914589882295

z: 227007621692847673646044763488433379440048805661
x: 62478779193559710504134536963996068287840997139
-x: 273662496078108860047228185927198458914589882295

z: 227007621692847673646044763488433379440048805661
x: 62478779193559710504134536963996068287840997139
-x: 273662496078108860047228185927198458914589882295

z: 227007621692847673646044763488433379440048805661
x: 62478779193559710504134536963996068287840997139
-x: 273662496078108860047228185927198458914589882295

z: 227007621692847673646044763488433379440048805661
x: 62478779193559710504134536963996068287840997139
-x: 273662496078108860047228185927198458914589882295

z: 227007621692847673646044763488433379440048805661
x: 62478779193559710504134536963996068287840997139
-x: 273662496078108860047228185927198458914589882295

z: 227007621692847673646044763488433379440048805661
x: 62478779193559710504134536963996068287840997139
-x: 273662496078108860047228185927198458914589882295

z: 227007621692847673646044763488433379440048805661
x: 62478779193559710504134536963996068287840997139
-x: 273662496078108860047228185927198458914589882295

z: 227007621692847673646044763488433379440048805661
x: 62478779193559710504134536963996068287840997139
-x: 273662496078108860047228185927198458914589882295

z: 227007621692847673646044763488433379440048805661
x: 62478779193559710504134536963996068287840997139
-x: 273662496078108860047228185927198458914589882295

z: 227007621692847673646044763488433379440048805661
x: 62478779193559710504134536963996068287840997139
-x: 273662496078108860047228185927198458914589882295

z: 227007621692847673646044763488433379440048805661
x: 62478779193559710504134536963996068287840997139
-x: 273662496078108860047228185927198458914589882295

z: 227007621692847673646044763488433379440048805661
x: 62478779193559710504134536963996068287840997139
-x: 273662496078108860047228185927198458914589882295

z: 227007621692847673646044763488433379440048805661
x: 62478779193559710504134536963996068287840997139
-x: 273662496078108860047228185927198458914589882295

z: 227007621692847673646044763488433379440048805661
x: 62478779193559710504134536963996068287840997139
-x: 273662496078108860047228185927198458914589882295

z: 227007621692847673646044763488433379440048805661
x: 62478779193559710504134536963996068287840997139
-x: 273662496078108860047228185927198458914589882295

z: 227007621692847673646044763488433379440048805661
x: 62478779193559710504134536963996068287840997139
-x: 273662496078108860047228185927198458914589882295

z: 227007621692847673646044763488433379440048805661
x: 62478779193559710504134536963996068287840997139
-x: 273662496078108860047228185927198458914589882295

z: 227007621692847673646044763488433379440048805661
x: 62478779193559710504134536963996068287840997139
-x: 273662496078108860047228185927198458914589882295

z: 227007621692847673646044763488433379440048805661
x: 62478779193559710504134536963996068287840997139
-x: 273662496078108860047228185927198458914589882295

z: 227007621692847673646044763488433379440048805661
x: 62478779193559710504134536963996068287840997139
-x: 273662496078108860047228185927198458914589882295

z: 227007621692847673646044763488433379440048805661
x: 62478779193559710504134536963996068287840997139
-x: 273662496078108860047228185927198458914589882295

z: 227007621692847673646044763488433379440048805661
x: 62478779193559710504134536963996068287840997139
-x: 273662496078108860047228185927198458914589882295

z: 227007621692847673646044763488433379440048805661
x: 62478779193559710504134536963996068287840997139
-x: 273662496078108860047228185927198458914589882295

z: 227007621692847673646044763488433379440048805661
x: 62478779193559710504134536963996068287840997139
-x: 273662496078108860047228185927198458914589882295

z: 227007621692847673646044763488433379440048805661
x: 62478779193559710504134536963996068287840997139
-x: 273662496078108860047228185927198458914589882295

z: 227007621692847673646044763488433379440048805661
x: 62478779193559710504134536963996068287840997139
-x: 273662496078108860047228185927198458914589882295

z: 227007621692847673646044763488433379440048805661
x: 62478779193559710504134536963996068287840997139
-x: 273662496078108860047228185927198458914589882295

z: 227007621692847673646044763488433379440048805661
x: 62478779193559710504134536963996068287840997139
-x: 273662496078108860047228185927198458914589882295

z: 227007621692847673646044763488433379440048805661
x: 62478779193559710504134536963996068287840997139
-x: 273662496078108860047228185927198458914589882295

z: 227007621692847673646044763488433379440048805661
x: 62478779193559710504134536963996068287840997139
-x: 273662496078108860047228185927198458914589882295

z: 227007621692847673646044763488433379440048805661
x: 62478779193559710504134536963996068287840997139
-x: 273662496078108860047228185927198458914589882295

z: 227007621692847673646044763488433379440048805661
x: 62478779193559710504134536963996068287840997139
-x: 273662496078108860047228185927198458914589882295

z: 227007621692847673646044763488433379440048805661
x: 62478779193559710504134536963996068287840997139
-x: 273662496078108860047228185927198458914589882295

z: 227007621692847673646044763488433379440048805661
x: 62478779193559710504134536963996068287840997139
-x: 273662496078108860047228185927198458914589882295

z: 227007621692847673646044763488433379440048805661
x: 62478779193559710504134536963996068287840997139
-x: 273662496078108860047228185927198458914589882295

z: 227007621692847673646044763488433379440048805661
x: 62478779193559710504134536963996068287840997139
-x: 273662496078108860047228185927198458914589882295

z: 227007621692847673646044763488433379440048805661
x: 62478779193559710504134536963996068287840997139
-x: 273662496078108860047228185927198458914589882295

z: 227007621692847673646044763488433379440048805661
x: 62478779193559710504134536963996068287840997139
-x: 273662496078108860047228185927198458914589882295

z: 227007621692847673646044763488433379440048805661
x: 62478779193559710504134536963996068287840997139
-x: 273662496078108860047228185927198458914589882295

z: 227007621692847673646044763488433379440048805661
x: 62478779193559710504134536963996068287840997139
-x: 273662496078108860047228185927198458914589882295

z: 227007621692847673646044763488433379440048805661
x: 62478779193559710504134536963996068287840997139
-x: 273662496078108860047228185927198458914589882295

z: 227007621692847673646044763488433379440048805661
x: 62478779193559710504134536963996068287840997139
-x: 273662496078108860047228185927198458914589882295

z: 227007621692847673646044763488433379440048805661
x: 62478779193559710504134536963996068287840997139
-x: 273662496078108860047228185927198458914589882295

z: 227007621692847673646044763488433379440048805661
x: 62478779193559710504134536963996068287840997139
-x: 273662496078108860047228185927198458914589882295

z: 227007621692847673646044763488433379440048805661
x: 62478779193559710504134536963996068287840997139
-x: 273662496078108860047228185927198458914589882295

z: 227007621692847673646044763488433379440048805661
x: 62478779193559710504134536963996068287840997139
-x: 273662496078108860047228185927198458914589882295

z: 227007621692847673646044763488433379440048805661
x: 62478779193559710504134536963996068287840997139
-x: 273662496078108860047228185927198458914589882295

z: 227007621692847673646044763488433379440048805661
x: 62478779193559710504134536963996068287840997139
-x: 273662496078108860047228185927198458914589882295

z: 227007621692847673646044763488433379440048805661
x: 62478779193559710504134536963996068287840997139
-x: 273662496078108860047228185927198458914589882295

z: 227007621692847673646044763488433379440048805661
x: 62478779193559710504134536963996068287840997139
-x: 273662496078108860047228185927198458914589882295

z: 227007621692847673646044763488433379440048805661
x: 62478779193559710504134536963996068287840997139
-x: 273662496078108860047228185927198458914589882295

z: 227007621692847673646044763488433379440048805661
x: 62478779193559710504134536963996068287840997139
-x: 273662496078108860047228185927198458914589882295

z: 227007621692847673646044763488433379440048805661
x: 62478779193559710504134536963996068287840997139
-x: 273662496078108860047228185927198458914589882295

z: 227007621692847673646044763488433379440048805661
x: 62478779193559710504134536963996068287840997139
-x: 273662496078108860047228185927198458914589882295

z: 227007621692847673646044763488433379440048805661
x: 62478779193559710504134536963996068287840997139
-x: 273662496078108860047228185927198458914589882295

z: 227007621692847673646044763488433379440048805661
x: 62478779193559710504134536963996068287840997139
-x: 273662496078108860047228185927198458914589882295

z: 227007621692847673646044763488433379440048805661
x: 62478779193559710504134536963996068287840997139
-x: 273662496078108860047228185927198458914589882295

z: 227007621692847673646044763488433379440048805661
x: 62478779193559710504134536963996068287840997139
-x: 273662496078108860047228185927198458914589882295

z: 227007621692847673646044763488433379440048805661
x: 62478779193559710504134536963996068287840997139
-x: 273662496078108860047228185927198458914589882295

z: 227007621692847673646044763488433379440048805661
x: 62478779193559710504134536963996068287840997139
-x: 273662496078108860047228185927198458914589882295

z: 227007621692847673646044763488433379440048805661
x: 62478779193559710504134536963996068287840997139
-x: 273662496078108860047228185927198458914589882295

z: 227007621692847673646044763488433379440048805661
x: 62478779193559710504134536963996068287840997139
-x: 273662496078108860047228185927198458914589882295

z: 227007621692847673646044763488433379440048805661
x: 62478779193559710504134536963996068287840997139
-x: 273662496078108860047228185927198458914589882295

z: 227007621692847673646044763488433379440048805661
x: 62478779193559710504134536963996068287840997139
-x: 273662496078108860047228185927198458914589882295

z: 227007621692847673646044763488433379440048805661
x: 62478779193559710504134536963996068287840997139
-x: 273662496078108860047228185927198458914589882295

z: 227007621692847673646044763488433379440048805661
x: 62478779193559710504134536963996068287840997139
-x: 273662496078108860047228185927198458914589882295

z: 227007621692847673646044763488433379440048805661
x: 62478779193559710504134536963996068287840997139
-x: 273662496078108860047228185927198458914589882295

z: 227007621692847673646044763488433379440048805661
x: 62478779193559710504134536963996068287840997139
-x: 273662496078108860047228185927198458914589882295

z: 227007621692847673646044763488433379440048805661
x: 62478779193559710504134536963996068287840997139
-x: 273662496078108860047228185927198458914589882295

z: 227007621692847673646044763488433379440048805661
x: 62478779193559710504134536963996068287840997139
-x: 273662496078108860047228185927198458914589882295

z: 227007621692847673646044763488433379440048805661
x: 62478779193559710504134536963996068287840997139
-x: 273662496078108860047228185927198458914589882295

z: 227007621692847673646044763488433379440048805661
x: 62478779193559710504134536963996068287840997139
-x: 273662496078108860047228185927198458914589882295

z: 227007621692847673646044763488433379440048805661
x: 62478779193559710504134536963996068287840997139
-x: 273662496078108860047228185927198458914589882295

z: 227007621692847673646044763488433379440048805661
x: 62478779193559710504134536963996068287840997139
-x: 273662496078108860047228185927198458914589882295

z: 227007621692847673646044763488433379440048805661
x: 62478779193559710504134536963996068287840997139
-x: 273662496078108860047228185927198458914589882295

z: 227007621692847673646044763488433379440048805661
x: 62478779193559710504134536963996068287840997139
-x: 273662496078108860047228185927198458914589882295

z: 227007621692847673646044763488433379440048805661
x: 62478779193559710504134536963996068287840997139
-x: 273662496078108860047228185927198458914589882295

z: 227007621692847673646044763488433379440048805661
x: 62478779193559710504134536963996068287840997139
-x: 273662496078108860047228185927198458914589882295

z: 227007621692847673646044763488433379440048805661
x: 62478779193559710504134536963996068287840997139
-x: 273662496078108860047228185927198458914589882295

z: 227007621692847673646044763488433379440048805661
x: 62478779193559710504134536963996068287840997139
-x: 273662496078108860047228185927198458914589882295

z: 227007621692847673646044763488433379440048805661
x: 62478779193559710504134536963996068287840997139
-x: 273662496078108860047228185927198458914589882295

z: 227007621692847673646044763488433379440048805661
x: 62478779193559710504134536963996068287840997139
-x: 273662496078108860047228185927198458914589882295

z: 227007621692847673646044763488433379440048805661
x: 62478779193559710504134536963996068287840997139
-x: 273662496078108860047228185927198458914589882295

z: 227007621692847673646044763488433379440048805661
x: 62478779193559710504134536963996068287840997139
-x: 273662496078108860047228185927198458914589882295

z: 227007621692847673646044763488433379440048805661
x: 62478779193559710504134536963996068287840997139
-x: 273662496078108860047228185927198458914589882295

z: 227007621692847673646044763488433379440048805661
x: 62478779193559710504134536963996068287840997139
-x: 273662496078108860047228185927198458914589882295

z: 227007621692847673646044763488433379440048805661
x: 62478779193559710504134536963996068287840997139
-x: 273662496078108860047228185927198458914589882295

z: 227007621692847673646044763488433379440048805661
x: 62478779193559710504134536963996068287840997139
-x: 273662496078108860047228185927198458914589882295

z: 227007621692847673646044763488433379440048805661
x: 62478779193559710504134536963996068287840997139
-x: 273662496078108860047228185927198458914589882295

z: 227007621692847673646044763488433379440048805661
x: 62478779193559710504134536963996068287840997139
-x: 273662496078108860047228185927198458914589882295

z: 227007621692847673646044763488433379440048805661
x: 62478779193559710504134536963996068287840997139
-x: 273662496078108860047228185927198458914589882295

z: 227007621692847673646044763488433379440048805661
x: 62478779193559710504134536963996068287840997139
-x: 273662496078108860047228185927198458914589882295

z: 227007621692847673646044763488433379440048805661
x: 62478779193559710504134536963996068287840997139
-x: 273662496078108860047228185927198458914589882295

z: 227007621692847673646044763488433379440048805661
x: 62478779193559710504134536963996068287840997139
-x: 273662496078108860047228185927198458914589882295

z: 227007621692847673646044763488433379440048805661
x: 62478779193559710504134536963996068287840997139
-x: 273662496078108860047228185927198458914589882295

z: 227007621692847673646044763488433379440048805661
x: 62478779193559710504134536963996068287840997139
-x: 273662496078108860047228185927198458914589882295

z: 227007621692847673646044763488433379440048805661
x: 62478779193559710504134536963996068287840997139
-x: 273662496078108860047228185927198458914589882295

z: 227007621692847673646044763488433379440048805661
x: 62478779193559710504134536963996068287840997139
-x: 273662496078108860047228185927198458914589882295

z: 227007621692847673646044763488433379440048805661
x: 62478779193559710504134536963996068287840997139
-x: 273662496078108860047228185927198458914589882295

z: 227007621692847673646044763488433379440048805661
x: 62478779193559710504134536963996068287840997139
-x: 273662496078108860047228185927198458914589882295

z: 227007621692847673646044763488433379440048805661
x: 62478779193559710504134536963996068287840997139
-x: 273662496078108860047228185927198458914589882295

z: 227007621692847673646044763488433379440048805661
x: 62478779193559710504134536963996068287840997139
-x: 273662496078108860047228185927198458914589882295

z: 227007621692847673646044763488433379440048805661
x: 62478779193559710504134536963996068287840997139
-x: 273662496078108860047228185927198458914589882295

z: 227007621692847673646044763488433379440048805661
x: 62478779193559710504134536963996068287840997139
-x: 273662496078108860047228185927198458914589882295

z: 227007621692847673646044763488433379440048805661
x: 62478779193559710504134536963996068287840997139
-x: 273662496078108860047228185927198458914589882295

z: 227007621692847673646044763488433379440048805661
x: 62478779193559710504134536963996068287840997139
-x: 273662496078108860047228185927198458914589882295

z: 227007621692847673646044763488433379440048805661
x: 62478779193559710504134536963996068287840997139
-x: 273662496078108860047228185927198458914589882295

z: 227007621692847673646044763488433379440048805661
x: 62478779193559710504134536963996068287840997139
-x: 273662496078108860047228185927198458914589882295

z: 227007621692847673646044763488433379440048805661
x: 62478779193559710504134536963996068287840997139
-x: 273662496078108860047228185927198458914589882295

z: 227007621692847673646044763488433379440048805661
x: 62478779193559710504134536963996068287840997139
-x: 273662496078108860047228185927198458914589882295

z: 227007621692847673646044763488433379440048805661
x: 62478779193559710504134536963996068287840997139
-x: 273662496078108860047228185927198458914589882295

z: 227007621692847673646044763488433379440048805661
x: 62478779193559710504134536963996068287840997139
-x: 273662496078108860047228185927198458914589882295

z: 227007621692847673646044763488433379440048805661
x: 62478779193559710504134536963996068287840997139
-x: 273662496078108860047228185927198458914589882295

z: 227007621692847673646044763488433379440048805661
x: 62478779193559710504134536963996068287840997139
-x: 273662496078108860047228185927198458914589882295

z: 227007621692847673646044763488433379440048805661
x: 62478779193559710504134536963996068287840997139
-x: 273662496078108860047228185927198458914589882295

z: 227007621692847673646044763488433379440048805661
x: 62478779193559710504134536963996068287840997139
-x: 273662496078108860047228185927198458914589882295

z: 227007621692847673646044763488433379440048805661
x: 62478779193559710504134536963996068287840997139
-x: 273662496078108860047228185927198458914589882295

z: 227007621692847673646044763488433379440048805661
x: 62478779193559710504134536963996068287840997139
-x: 273662496078108860047228185927198458914589882295

z: 227007621692847673646044763488433379440048805661
x: 62478779193559710504134536963996068287840997139
-x: 273662496078108860047228185927198458914589882295

z: 227007621692847673646044763488433379440048805661
x: 62478779193559710504134536963996068287840997139
-x: 273662496078108860047228185927198458914589882295

z: 227007621692847673646044763488433379440048805661
x: 62478779193559710504134536963996068287840997139
-x: 273662496078108860047228185927198458914589882295

z: 227007621692847673646044763488433379440048805661
x: 62478779193559710504134536963996068287840997139
-x: 273662496078108860047228185927198458914589882295

z: 227007621692847673646044763488433379440048805661
x: 62478779193559710504134536963996068287840997139
-x: 273662496078108860047228185927198458914589882295

z: 227007621692847673646044763488433379440048805661
x: 62478779193559710504134536963996068287840997139
-x: 273662496078108860047228185927198458914589882295

z: 227007621692847673646044763488433379440048805661
x: 62478779193559710504134536963996068287840997139
-x: 273662496078108860047228185927198458914589882295

z: 227007621692847673646044763488433379440048805661
x: 62478779193559710504134536963996068287840997139
-x: 273662496078108860047228185927198458914589882295

z: 227007621692847673646044763488433379440048805661
x: 62478779193559710504134536963996068287840997139
-x: 273662496078108860047228185927198458914589882295

z: 227007621692847673646044763488433379440048805661
x: 62478779193559710504134536963996068287840997139
-x: 273662496078108860047228185927198458914589882295

z: 227007621692847673646044763488433379440048805661
x: 62478779193559710504134536963996068287840997139
-x: 273662496078108860047228185927198458914589882295

z: 227007621692847673646044763488433379440048805661
x: 62478779193559710504134536963996068287840997139
-x: 273662496078108860047228185927198458914589882295

z: 227007621692847673646044763488433379440048805661
x: 62478779193559710504134536963996068287840997139
-x: 273662496078108860047228185927198458914589882295

z: 227007621692847673646044763488433379440048805661
x: 62478779193559710504134536963996068287840997139
-x: 273662496078108860047228185927198458914589882295

z: 227007621692847673646044763488433379440048805661
x: 62478779193559710504134536963996068287840997139
-x: 273662496078108860047228185927198458914589882295

z: 227007621692847673646044763488433379440048805661
x: 62478779193559710504134536963996068287840997139
-x: 273662496078108860047228185927198458914589882295

z: 227007621692847673646044763488433379440048805661
x: 62478779193559710504134536963996068287840997139
-x: 273662496078108860047228185927198458914589882295

z: 227007621692847673646044763488433379440048805661
x: 62478779193559710504134536963996068287840997139
-x: 273662496078108860047228185927198458914589882295

z: 227007621692847673646044763488433379440048805661
x: 62478779193559710504134536963996068287840997139
-x: 273662496078108860047228185927198458914589882295

z: 227007621692847673646044763488433379440048805661
x: 62478779193559710504134536963996068287840997139
-x: 273662496078108860047228185927198458914589882295

z: 227007621692847673646044763488433379440048805661
x: 62478779193559710504134536963996068287840997139
-x: 273662496078108860047228185927198458914589882295

z: 227007621692847673646044763488433379440048805661
x: 62478779193559710504134536963996068287840997139
-x: 273662496078108860047228185927198458914589882295

z: 227007621692847673646044763488433379440048805661
x: 62478779193559710504134536963996068287840997139
-x: 273662496078108860047228185927198458914589882295

z: 227007621692847673646044763488433379440048805661
x: 62478779193559710504134536963996068287840997139
-x: 273662496078108860047228185927198458914589882295

z: 227007621692847673646044763488433379440048805661
x: 62478779193559710504134536963996068287840997139
-x: 273662496078108860047228185927198458914589882295

z: 227007621692847673646044763488433379440048805661
x: 62478779193559710504134536963996068287840997139
-x: 273662496078108860047228185927198458914589882295

z: 227007621692847673646044763488433379440048805661
x: 62478779193559710504134536963996068287840997139
-x: 273662496078108860047228185927198458914589882295

z: 227007621692847673646044763488433379440048805661
x: 62478779193559710504134536963996068287840997139
-x: 273662496078108860047228185927198458914589882295

z: 227007621692847673646044763488433379440048805661
x: 62478779193559710504134536963996068287840997139
-x: 273662496078108860047228185927198458914589882295

z: 227007621692847673646044763488433379440048805661
x: 62478779193559710504134536963996068287840997139
-x: 273662496078108860047228185927198458914589882295

z: 227007621692847673646044763488433379440048805661
x: 62478779193559710504134536963996068287840997139
-x: 273662496078108860047228185927198458914589882295

z: 227007621692847673646044763488433379440048805661
x: 62478779193559710504134536963996068287840997139
-x: 273662496078108860047228185927198458914589882295

z: 227007621692847673646044763488433379440048805661
x: 62478779193559710504134536963996068287840997139
-x: 273662496078108860047228185927198458914589882295

z: 227007621692847673646044763488433379440048805661
x: 62478779193559710504134536963996068287840997139
-x: 273662496078108860047228185927198458914589882295

z: 227007621692847673646044763488433379440048805661
x: 62478779193559710504134536963996068287840997139
-x: 273662496078108860047228185927198458914589882295

z: 227007621692847673646044763488433379440048805661
x: 62478779193559710504134536963996068287840997139
-x: 273662496078108860047228185927198458914589882295

z: 227007621692847673646044763488433379440048805661
x: 62478779193559710504134536963996068287840997139
-x: 273662496078108860047228185927198458914589882295

z: 227007621692847673646044763488433379440048805661
x: 62478779193559710504134536963996068287840997139
-x: 273662496078108860047228185927198458914589882295

z: 227007621692847673646044763488433379440048805661
x: 62478779193559710504134536963996068287840997139
-x: 273662496078108860047228185927198458914589882295

z: 227007621692847673646044763488433379440048805661
x: 62478779193559710504134536963996068287840997139
-x: 273662496078108860047228185927198458914589882295

z: 227007621692847673646044763488433379440048805661
x: 62478779193559710504134536963996068287840997139
-x: 273662496078108860047228185927198458914589882295

z: 227007621692847673646044763488433379440048805661
x: 62478779193559710504134536963996068287840997139
-x: 273662496078108860047228185927198458914589882295

z: 227007621692847673646044763488433379440048805661
x: 62478779193559710504134536963996068287840997139
-x: 273662496078108860047228185927198458914589882295

z: 227007621692847673646044763488433379440048805661
x: 62478779193559710504134536963996068287840997139
-x: 273662496078108860047228185927198458914589882295

z: 227007621692847673646044763488433379440048805661
x: 62478779193559710504134536963996068287840997139
-x: 273662496078108860047228185927198458914589882295

z: 227007621692847673646044763488433379440048805661
x: 62478779193559710504134536963996068287840997139
-x: 273662496078108860047228185927198458914589882295

z: 227007621692847673646044763488433379440048805661
x: 62478779193559710504134536963996068287840997139
-x: 273662496078108860047228185927198458914589882295

z: 227007621692847673646044763488433379440048805661
x: 62478779193559710504134536963996068287840997139
-x: 273662496078108860047228185927198458914589882295

z: 227007621692847673646044763488433379440048805661
x: 62478779193559710504134536963996068287840997139
-x: 273662496078108860047228185927198458914589882295

z: 227007621692847673646044763488433379440048805661
x: 62478779193559710504134536963996068287840997139
-x: 273662496078108860047228185927198458914589882295

z: 227007621692847673646044763488433379440048805661
x: 62478779193559710504134536963996068287840997139
-x: 273662496078108860047228185927198458914589882295

z: 227007621692847673646044763488433379440048805661
x: 62478779193559710504134536963996068287840997139
-x: 273662496078108860047228185927198458914589882295

z: 227007621692847673646044763488433379440048805661
x: 62478779193559710504134536963996068287840997139
-x: 273662496078108860047228185927198458914589882295

z: 227007621692847673646044763488433379440048805661
x: 62478779193559710504134536963996068287840997139
-x: 273662496078108860047228185927198458914589882295

z: 227007621692847673646044763488433379440048805661
x: 62478779193559710504134536963996068287840997139
-x: 273662496078108860047228185927198458914589882295

z: 227007621692847673646044763488433379440048805661
x: 62478779193559710504134536963996068287840997139
-x: 273662496078108860047228185927198458914589882295

z: 227007621692847673646044763488433379440048805661
x: 62478779193559710504134536963996068287840997139
-x: 273662496078108860047228185927198458914589882295

z: 227007621692847673646044763488433379440048805661
x: 62478779193559710504134536963996068287840997139
-x: 273662496078108860047228185927198458914589882295

z: 227007621692847673646044763488433379440048805661
x: 62478779193559710504134536963996068287840997139
-x: 273662496078108860047228185927198458914589882295

z: 227007621692847673646044763488433379440048805661
x: 62478779193559710504134536963996068287840997139
-x: 273662496078108860047228185927198458914589882295

z: 227007621692847673646044763488433379440048805661
x: 62478779193559710504134536963996068287840997139
-x: 273662496078108860047228185927198458914589882295

z: 227007621692847673646044763488433379440048805661
x: 62478779193559710504134536963996068287840997139
-x: 273662496078108860047228185927198458914589882295

z: 227007621692847673646044763488433379440048805661
x: 62478779193559710504134536963996068287840997139
-x: 273662496078108860047228185927198458914589882295

z: 227007621692847673646044763488433379440048805661
x: 62478779193559710504134536963996068287840997139
-x: 273662496078108860047228185927198458914589882295

z: 227007621692847673646044763488433379440048805661
x: 62478779193559710504134536963996068287840997139
-x: 273662496078108860047228185927198458914589882295

z: 227007621692847673646044763488433379440048805661
x: 62478779193559710504134536963996068287840997139
-x: 273662496078108860047228185927198458914589882295

z: 227007621692847673646044763488433379440048805661
x: 62478779193559710504134536963996068287840997139
-x: 273662496078108860047228185927198458914589882295

z: 227007621692847673646044763488433379440048805661
x: 62478779193559710504134536963996068287840997139
-x: 273662496078108860047228185927198458914589882295

z: 227007621692847673646044763488433379440048805661
x: 62478779193559710504134536963996068287840997139
-x: 273662496078108860047228185927198458914589882295

z: 227007621692847673646044763488433379440048805661
x: 62478779193559710504134536963996068287840997139
-x: 273662496078108860047228185927198458914589882295

z: 227007621692847673646044763488433379440048805661
x: 62478779193559710504134536963996068287840997139
-x: 273662496078108860047228185927198458914589882295

z: 227007621692847673646044763488433379440048805661
x: 62478779193559710504134536963996068287840997139
-x: 273662496078108860047228185927198458914589882295

z: 227007621692847673646044763488433379440048805661
x: 62478779193559710504134536963996068287840997139
-x: 273662496078108860047228185927198458914589882295

z: 227007621692847673646044763488433379440048805661
x: 62478779193559710504134536963996068287840997139
-x: 273662496078108860047228185927198458914589882295

z: 227007621692847673646044763488433379440048805661
x: 62478779193559710504134536963996068287840997139
-x: 273662496078108860047228185927198458914589882295

z: 227007621692847673646044763488433379440048805661
x: 62478779193559710504134536963996068287840997139
-x: 273662496078108860047228185927198458914589882295

z: 227007621692847673646044763488433379440048805661
x: 62478779193559710504134536963996068287840997139
-x: 273662496078108860047228185927198458914589882295

z: 227007621692847673646044763488433379440048805661
x: 62478779193559710504134536963996068287840997139
-x: 273662496078108860047228185927198458914589882295

z: 227007621692847673646044763488433379440048805661
x: 62478779193559710504134536963996068287840997139
-x: 273662496078108860047228185927198458914589882295

z: 227007621692847673646044763488433379440048805661
x: 62478779193559710504134536963996068287840997139
-x: 273662496078108860047228185927198458914589882295

z: 227007621692847673646044763488433379440048805661
x: 62478779193559710504134536963996068287840997139
-x: 273662496078108860047228185927198458914589882295

z: 227007621692847673646044763488433379440048805661
x: 62478779193559710504134536963996068287840997139
-x: 273662496078108860047228185927198458914589882295

z: 227007621692847673646044763488433379440048805661
x: 62478779193559710504134536963996068287840997139
-x: 273662496078108860047228185927198458914589882295

z: 227007621692847673646044763488433379440048805661
x: 62478779193559710504134536963996068287840997139
-x: 273662496078108860047228185927198458914589882295

z: 227007621692847673646044763488433379440048805661
x: 62478779193559710504134536963996068287840997139
-x: 273662496078108860047228185927198458914589882295

z: 227007621692847673646044763488433379440048805661
x: 62478779193559710504134536963996068287840997139
-x: 273662496078108860047228185927198458914589882295

z: 227007621692847673646044763488433379440048805661
x: 62478779193559710504134536963996068287840997139
-x: 273662496078108860047228185927198458914589882295

z: 227007621692847673646044763488433379440048805661
x: 62478779193559710504134536963996068287840997139
-x: 273662496078108860047228185927198458914589882295

z: 227007621692847673646044763488433379440048805661
x: 62478779193559710504134536963996068287840997139
-x: 273662496078108860047228185927198458914589882295

z: 227007621692847673646044763488433379440048805661
x: 62478779193559710504134536963996068287840997139
-x: 273662496078108860047228185927198458914589882295

z: 227007621692847673646044763488433379440048805661
x: 62478779193559710504134536963996068287840997139
-x: 273662496078108860047228185927198458914589882295

z: 227007621692847673646044763488433379440048805661
x: 62478779193559710504134536963996068287840997139
-x: 273662496078108860047228185927198458914589882295

z: 227007621692847673646044763488433379440048805661
x: 62478779193559710504134536963996068287840997139
-x: 273662496078108860047228185927198458914589882295

z: 227007621692847673646044763488433379440048805661
x: 62478779193559710504134536963996068287840997139
-x: 273662496078108860047228185927198458914589882295

z: 227007621692847673646044763488433379440048805661
x: 62478779193559710504134536963996068287840997139
-x: 273662496078108860047228185927198458914589882295

z: 227007621692847673646044763488433379440048805661
x: 62478779193559710504134536963996068287840997139
-x: 273662496078108860047228185927198458914589882295

z: 227007621692847673646044763488433379440048805661
x: 62478779193559710504134536963996068287840997139
-x: 273662496078108860047228185927198458914589882295

z: 227007621692847673646044763488433379440048805661
x: 62478779193559710504134536963996068287840997139
-x: 273662496078108860047228185927198458914589882295

z: 227007621692847673646044763488433379440048805661
x: 62478779193559710504134536963996068287840997139
-x: 273662496078108860047228185927198458914589882295

z: 227007621692847673646044763488433379440048805661
x: 62478779193559710504134536963996068287840997139
-x: 273662496078108860047228185927198458914589882295

z: 227007621692847673646044763488433379440048805661
x: 62478779193559710504134536963996068287840997139
-x: 273662496078108860047228185927198458914589882295

z: 227007621692847673646044763488433379440048805661
x: 62478779193559710504134536963996068287840997139
-x: 273662496078108860047228185927198458914589882295

z: 227007621692847673646044763488433379440048805661
x: 62478779193559710504134536963996068287840997139
-x: 273662496078108860047228185927198458914589882295

z: 227007621692847673646044763488433379440048805661
x: 62478779193559710504134536963996068287840997139
-x: 273662496078108860047228185927198458914589882295

z: 227007621692847673646044763488433379440048805661
x: 62478779193559710504134536963996068287840997139
-x: 273662496078108860047228185927198458914589882295

z: 227007621692847673646044763488433379440048805661
x: 62478779193559710504134536963996068287840997139
-x: 273662496078108860047228185927198458914589882295

z: 227007621692847673646044763488433379440048805661
x: 62478779193559710504134536963996068287840997139
-x: 273662496078108860047228185927198458914589882295

z: 227007621692847673646044763488433379440048805661
x: 62478779193559710504134536963996068287840997139
-x: 273662496078108860047228185927198458914589882295

z: 227007621692847673646044763488433379440048805661
x: 62478779193559710504134536963996068287840997139
-x: 273662496078108860047228185927198458914589882295

z: 227007621692847673646044763488433379440048805661
x: 62478779193559710504134536963996068287840997139
-x: 273662496078108860047228185927198458914589882295

z: 227007621692847673646044763488433379440048805661
x: 62478779193559710504134536963996068287840997139
-x: 273662496078108860047228185927198458914589882295

z: 227007621692847673646044763488433379440048805661
x: 62478779193559710504134536963996068287840997139
-x: 273662496078108860047228185927198458914589882295

z: 227007621692847673646044763488433379440048805661
x: 62478779193559710504134536963996068287840997139
-x: 273662496078108860047228185927198458914589882295

z: 227007621692847673646044763488433379440048805661
x: 62478779193559710504134536963996068287840997139
-x: 273662496078108860047228185927198458914589882295

z: 227007621692847673646044763488433379440048805661
x: 62478779193559710504134536963996068287840997139
-x: 273662496078108860047228185927198458914589882295

z: 227007621692847673646044763488433379440048805661
x: 62478779193559710504134536963996068287840997139
-x: 273662496078108860047228185927198458914589882295

z: 227007621692847673646044763488433379440048805661
x: 62478779193559710504134536963996068287840997139
-x: 273662496078108860047228185927198458914589882295

z: 227007621692847673646044763488433379440048805661
x: 62478779193559710504134536963996068287840997139
-x: 273662496078108860047228185927198458914589882295

z: 227007621692847673646044763488433379440048805661
x: 62478779193559710504134536963996068287840997139
-x: 273662496078108860047228185927198458914589882295

z: 227007621692847673646044763488433379440048805661
x: 62478779193559710504134536963996068287840997139
-x: 273662496078108860047228185927198458914589882295

z: 227007621692847673646044763488433379440048805661
x: 62478779193559710504134536963996068287840997139
-x: 273662496078108860047228185927198458914589882295

z: 227007621692847673646044763488433379440048805661
x: 62478779193559710504134536963996068287840997139
-x: 273662496078108860047228185927198458914589882295

z: 227007621692847673646044763488433379440048805661
x: 62478779193559710504134536963996068287840997139
-x: 273662496078108860047228185927198458914589882295

z: 227007621692847673646044763488433379440048805661
x: 62478779193559710504134536963996068287840997139
-x: 273662496078108860047228185927198458914589882295

z: 227007621692847673646044763488433379440048805661
x: 62478779193559710504134536963996068287840997139
-x: 273662496078108860047228185927198458914589882295

z: 227007621692847673646044763488433379440048805661
x: 62478779193559710504134536963996068287840997139
-x: 273662496078108860047228185927198458914589882295

z: 227007621692847673646044763488433379440048805661
x: 62478779193559710504134536963996068287840997139
-x: 273662496078108860047228185927198458914589882295

z: 227007621692847673646044763488433379440048805661
x: 62478779193559710504134536963996068287840997139
-x: 273662496078108860047228185927198458914589882295

z: 227007621692847673646044763488433379440048805661
x: 62478779193559710504134536963996068287840997139
-x: 273662496078108860047228185927198458914589882295

z: 227007621692847673646044763488433379440048805661
x: 62478779193559710504134536963996068287840997139
-x: 273662496078108860047228185927198458914589882295

z: 227007621692847673646044763488433379440048805661
x: 62478779193559710504134536963996068287840997139
-x: 273662496078108860047228185927198458914589882295

z: 227007621692847673646044763488433379440048805661
x: 62478779193559710504134536963996068287840997139
-x: 273662496078108860047228185927198458914589882295

z: 227007621692847673646044763488433379440048805661
x: 62478779193559710504134536963996068287840997139
-x: 273662496078108860047228185927198458914589882295

z: 227007621692847673646044763488433379440048805661
x: 62478779193559710504134536963996068287840997139
-x: 273662496078108860047228185927198458914589882295

z: 227007621692847673646044763488433379440048805661
x: 62478779193559710504134536963996068287840997139
-x: 273662496078108860047228185927198458914589882295

z: 227007621692847673646044763488433379440048805661
x: 62478779193559710504134536963996068287840997139
-x: 273662496078108860047228185927198458914589882295

z: 227007621692847673646044763488433379440048805661
x: 62478779193559710504134536963996068287840997139
-x: 273662496078108860047228185927198458914589882295

z: 227007621692847673646044763488433379440048805661
x: 62478779193559710504134536963996068287840997139
-x: 273662496078108860047228185927198458914589882295

z: 227007621692847673646044763488433379440048805661
x: 62478779193559710504134536963996068287840997139
-x: 273662496078108860047228185927198458914589882295

z: 227007621692847673646044763488433379440048805661
x: 62478779193559710504134536963996068287840997139
-x: 273662496078108860047228185927198458914589882295

z: 227007621692847673646044763488433379440048805661
x: 62478779193559710504134536963996068287840997139
-x: 273662496078108860047228185927198458914589882295

z: 227007621692847673646044763488433379440048805661
x: 62478779193559710504134536963996068287840997139
-x: 273662496078108860047228185927198458914589882295

z: 227007621692847673646044763488433379440048805661
x: 62478779193559710504134536963996068287840997139
-x: 273662496078108860047228185927198458914589882295

z: 227007621692847673646044763488433379440048805661
x: 62478779193559710504134536963996068287840997139
-x: 273662496078108860047228185927198458914589882295

z: 227007621692847673646044763488433379440048805661
x: 62478779193559710504134536963996068287840997139
-x: 273662496078108860047228185927198458914589882295

z: 227007621692847673646044763488433379440048805661
x: 62478779193559710504134536963996068287840997139
-x: 273662496078108860047228185927198458914589882295

z: 227007621692847673646044763488433379440048805661
x: 62478779193559710504134536963996068287840997139
-x: 273662496078108860047228185927198458914589882295

z: 227007621692847673646044763488433379440048805661
x: 62478779193559710504134536963996068287840997139
-x: 273662496078108860047228185927198458914589882295

z: 227007621692847673646044763488433379440048805661
x: 62478779193559710504134536963996068287840997139
-x: 273662496078108860047228185927198458914589882295

z: 227007621692847673646044763488433379440048805661
x: 62478779193559710504134536963996068287840997139
-x: 273662496078108860047228185927198458914589882295

z: 227007621692847673646044763488433379440048805661
x: 62478779193559710504134536963996068287840997139
-x: 273662496078108860047228185927198458914589882295

z: 227007621692847673646044763488433379440048805661
x: 62478779193559710504134536963996068287840997139
-x: 273662496078108860047228185927198458914589882295

z: 227007621692847673646044763488433379440048805661
x: 62478779193559710504134536963996068287840997139
-x: 273662496078108860047228185927198458914589882295

z: 227007621692847673646044763488433379440048805661
x: 62478779193559710504134536963996068287840997139
-x: 273662496078108860047228185927198458914589882295

z: 227007621692847673646044763488433379440048805661
x: 62478779193559710504134536963996068287840997139
-x: 273662496078108860047228185927198458914589882295

z: 227007621692847673646044763488433379440048805661
x: 62478779193559710504134536963996068287840997139
-x: 273662496078108860047228185927198458914589882295

z: 227007621692847673646044763488433379440048805661
x: 62478779193559710504134536963996068287840997139
-x: 273662496078108860047228185927198458914589882295

z: 227007621692847673646044763488433379440048805661
x: 62478779193559710504134536963996068287840997139
-x: 273662496078108860047228185927198458914589882295

z: 227007621692847673646044763488433379440048805661
x: 62478779193559710504134536963996068287840997139
-x: 273662496078108860047228185927198458914589882295

z: 227007621692847673646044763488433379440048805661
x: 62478779193559710504134536963996068287840997139
-x: 273662496078108860047228185927198458914589882295

z: 227007621692847673646044763488433379440048805661
x: 62478779193559710504134536963996068287840997139
-x: 273662496078108860047228185927198458914589882295

z: 227007621692847673646044763488433379440048805661
x: 62478779193559710504134536963996068287840997139
-x: 273662496078108860047228185927198458914589882295

z: 227007621692847673646044763488433379440048805661
x: 62478779193559710504134536963996068287840997139
-x: 273662496078108860047228185927198458914589882295

z: 227007621692847673646044763488433379440048805661
x: 62478779193559710504134536963996068287840997139
-x: 273662496078108860047228185927198458914589882295

z: 227007621692847673646044763488433379440048805661
x: 62478779193559710504134536963996068287840997139
-x: 273662496078108860047228185927198458914589882295

z: 227007621692847673646044763488433379440048805661
x: 62478779193559710504134536963996068287840997139
-x: 273662496078108860047228185927198458914589882295

z: 227007621692847673646044763488433379440048805661
x: 62478779193559710504134536963996068287840997139
-x: 273662496078108860047228185927198458914589882295

z: 227007621692847673646044763488433379440048805661
x: 62478779193559710504134536963996068287840997139
-x: 273662496078108860047228185927198458914589882295

z: 227007621692847673646044763488433379440048805661
x: 62478779193559710504134536963996068287840997139
-x: 273662496078108860047228185927198458914589882295

z: 227007621692847673646044763488433379440048805661
x: 62478779193559710504134536963996068287840997139
-x: 273662496078108860047228185927198458914589882295

z: 227007621692847673646044763488433379440048805661
x: 62478779193559710504134536963996068287840997139
-x: 273662496078108860047228185927198458914589882295

z: 227007621692847673646044763488433379440048805661
x: 62478779193559710504134536963996068287840997139
-x: 273662496078108860047228185927198458914589882295

z: 227007621692847673646044763488433379440048805661
x: 62478779193559710504134536963996068287840997139
-x: 273662496078108860047228185927198458914589882295

z: 227007621692847673646044763488433379440048805661
x: 62478779193559710504134536963996068287840997139
-x: 273662496078108860047228185927198458914589882295

z: 227007621692847673646044763488433379440048805661
x: 62478779193559710504134536963996068287840997139
-x: 273662496078108860047228185927198458914589882295

z: 227007621692847673646044763488433379440048805661
x: 62478779193559710504134536963996068287840997139
-x: 273662496078108860047228185927198458914589882295

z: 227007621692847673646044763488433379440048805661
x: 62478779193559710504134536963996068287840997139
-x: 273662496078108860047228185927198458914589882295

z: 227007621692847673646044763488433379440048805661
x: 62478779193559710504134536963996068287840997139
-x: 273662496078108860047228185927198458914589882295

z: 227007621692847673646044763488433379440048805661
x: 62478779193559710504134536963996068287840997139
-x: 273662496078108860047228185927198458914589882295

z: 227007621692847673646044763488433379440048805661
x: 62478779193559710504134536963996068287840997139
-x: 273662496078108860047228185927198458914589882295

z: 227007621692847673646044763488433379440048805661
x: 62478779193559710504134536963996068287840997139
-x: 273662496078108860047228185927198458914589882295

z: 227007621692847673646044763488433379440048805661
x: 62478779193559710504134536963996068287840997139
-x: 273662496078108860047228185927198458914589882295

z: 227007621692847673646044763488433379440048805661
x: 62478779193559710504134536963996068287840997139
-x: 273662496078108860047228185927198458914589882295

z: 227007621692847673646044763488433379440048805661
x: 62478779193559710504134536963996068287840997139
-x: 273662496078108860047228185927198458914589882295

z: 227007621692847673646044763488433379440048805661
x: 62478779193559710504134536963996068287840997139
-x: 273662496078108860047228185927198458914589882295

z: 227007621692847673646044763488433379440048805661
x: 62478779193559710504134536963996068287840997139
-x: 273662496078108860047228185927198458914589882295

z: 227007621692847673646044763488433379440048805661
x: 62478779193559710504134536963996068287840997139
-x: 273662496078108860047228185927198458914589882295

z: 227007621692847673646044763488433379440048805661
x: 62478779193559710504134536963996068287840997139
-x: 273662496078108860047228185927198458914589882295

z: 227007621692847673646044763488433379440048805661
x: 62478779193559710504134536963996068287840997139
-x: 273662496078108860047228185927198458914589882295

z: 227007621692847673646044763488433379440048805661
x: 62478779193559710504134536963996068287840997139
-x: 273662496078108860047228185927198458914589882295

z: 227007621692847673646044763488433379440048805661
x: 62478779193559710504134536963996068287840997139
-x: 273662496078108860047228185927198458914589882295

z: 227007621692847673646044763488433379440048805661
x: 62478779193559710504134536963996068287840997139
-x: 273662496078108860047228185927198458914589882295

z: 227007621692847673646044763488433379440048805661
x: 62478779193559710504134536963996068287840997139
-x: 273662496078108860047228185927198458914589882295

z: 227007621692847673646044763488433379440048805661
x: 62478779193559710504134536963996068287840997139
-x: 273662496078108860047228185927198458914589882295

z: 227007621692847673646044763488433379440048805661
x: 62478779193559710504134536963996068287840997139
-x: 273662496078108860047228185927198458914589882295

z: 227007621692847673646044763488433379440048805661
x: 62478779193559710504134536963996068287840997139
-x: 273662496078108860047228185927198458914589882295

z: 227007621692847673646044763488433379440048805661
x: 62478779193559710504134536963996068287840997139
-x: 273662496078108860047228185927198458914589882295

z: 227007621692847673646044763488433379440048805661
x: 62478779193559710504134536963996068287840997139
-x: 273662496078108860047228185927198458914589882295

z: 227007621692847673646044763488433379440048805661
x: 62478779193559710504134536963996068287840997139
-x: 273662496078108860047228185927198458914589882295

z: 227007621692847673646044763488433379440048805661
x: 62478779193559710504134536963996068287840997139
-x: 273662496078108860047228185927198458914589882295

z: 227007621692847673646044763488433379440048805661
x: 62478779193559710504134536963996068287840997139
-x: 273662496078108860047228185927198458914589882295

z: 227007621692847673646044763488433379440048805661
x: 62478779193559710504134536963996068287840997139
-x: 273662496078108860047228185927198458914589882295

z: 227007621692847673646044763488433379440048805661
x: 62478779193559710504134536963996068287840997139
-x: 273662496078108860047228185927198458914589882295

z: 227007621692847673646044763488433379440048805661
x: 62478779193559710504134536963996068287840997139
-x: 273662496078108860047228185927198458914589882295

z: 227007621692847673646044763488433379440048805661
x: 62478779193559710504134536963996068287840997139
-x: 273662496078108860047228185927198458914589882295

z: 227007621692847673646044763488433379440048805661
x: 62478779193559710504134536963996068287840997139
-x: 273662496078108860047228185927198458914589882295

z: 227007621692847673646044763488433379440048805661
x: 62478779193559710504134536963996068287840997139
-x: 273662496078108860047228185927198458914589882295

z: 227007621692847673646044763488433379440048805661
x: 62478779193559710504134536963996068287840997139
-x: 273662496078108860047228185927198458914589882295

z: 227007621692847673646044763488433379440048805661
x: 62478779193559710504134536963996068287840997139
-x: 273662496078108860047228185927198458914589882295

z: 227007621692847673646044763488433379440048805661
x: 62478779193559710504134536963996068287840997139
-x: 273662496078108860047228185927198458914589882295

z: 227007621692847673646044763488433379440048805661
x: 62478779193559710504134536963996068287840997139
-x: 273662496078108860047228185927198458914589882295

z: 227007621692847673646044763488433379440048805661
x: 62478779193559710504134536963996068287840997139
-x: 273662496078108860047228185927198458914589882295

z: 227007621692847673646044763488433379440048805661
x: 62478779193559710504134536963996068287840997139
-x: 273662496078108860047228185927198458914589882295

z: 227007621692847673646044763488433379440048805661
x: 62478779193559710504134536963996068287840997139
-x: 273662496078108860047228185927198458914589882295

z: 227007621692847673646044763488433379440048805661
x: 62478779193559710504134536963996068287840997139
-x: 273662496078108860047228185927198458914589882295

z: 227007621692847673646044763488433379440048805661
x: 62478779193559710504134536963996068287840997139
-x: 273662496078108860047228185927198458914589882295

z: 227007621692847673646044763488433379440048805661
x: 62478779193559710504134536963996068287840997139
-x: 273662496078108860047228185927198458914589882295

z: 227007621692847673646044763488433379440048805661
x: 62478779193559710504134536963996068287840997139
-x: 273662496078108860047228185927198458914589882295

z: 227007621692847673646044763488433379440048805661
x: 62478779193559710504134536963996068287840997139
-x: 273662496078108860047228185927198458914589882295

z: 227007621692847673646044763488433379440048805661
x: 62478779193559710504134536963996068287840997139
-x: 273662496078108860047228185927198458914589882295

z: 227007621692847673646044763488433379440048805661
x: 62478779193559710504134536963996068287840997139
-x: 273662496078108860047228185927198458914589882295

z: 227007621692847673646044763488433379440048805661
x: 62478779193559710504134536963996068287840997139
-x: 273662496078108860047228185927198458914589882295

z: 227007621692847673646044763488433379440048805661
x: 62478779193559710504134536963996068287840997139
-x: 273662496078108860047228185927198458914589882295

z: 227007621692847673646044763488433379440048805661
x: 62478779193559710504134536963996068287840997139
-x: 273662496078108860047228185927198458914589882295

z: 227007621692847673646044763488433379440048805661
x: 62478779193559710504134536963996068287840997139
-x: 273662496078108860047228185927198458914589882295

z: 227007621692847673646044763488433379440048805661
x: 62478779193559710504134536963996068287840997139
-x: 273662496078108860047228185927198458914589882295

z: 227007621692847673646044763488433379440048805661
x: 62478779193559710504134536963996068287840997139
-x: 273662496078108860047228185927198458914589882295

z: 227007621692847673646044763488433379440048805661
x: 62478779193559710504134536963996068287840997139
-x: 273662496078108860047228185927198458914589882295

z: 227007621692847673646044763488433379440048805661
x: 62478779193559710504134536963996068287840997139
-x: 273662496078108860047228185927198458914589882295

z: 227007621692847673646044763488433379440048805661
x: 62478779193559710504134536963996068287840997139
-x: 273662496078108860047228185927198458914589882295

z: 227007621692847673646044763488433379440048805661
x: 62478779193559710504134536963996068287840997139
-x: 273662496078108860047228185927198458914589882295

z: 227007621692847673646044763488433379440048805661
x: 62478779193559710504134536963996068287840997139
-x: 273662496078108860047228185927198458914589882295

z: 227007621692847673646044763488433379440048805661
x: 62478779193559710504134536963996068287840997139
-x: 273662496078108860047228185927198458914589882295

z: 227007621692847673646044763488433379440048805661
x: 62478779193559710504134536963996068287840997139
-x: 273662496078108860047228185927198458914589882295

z: 227007621692847673646044763488433379440048805661
x: 62478779193559710504134536963996068287840997139
-x: 273662496078108860047228185927198458914589882295

z: 227007621692847673646044763488433379440048805661
x: 62478779193559710504134536963996068287840997139
-x: 273662496078108860047228185927198458914589882295

z: 227007621692847673646044763488433379440048805661
x: 62478779193559710504134536963996068287840997139
-x: 273662496078108860047228185927198458914589882295

z: 227007621692847673646044763488433379440048805661
x: 62478779193559710504134536963996068287840997139
-x: 273662496078108860047228185927198458914589882295

z: 227007621692847673646044763488433379440048805661
x: 62478779193559710504134536963996068287840997139
-x: 273662496078108860047228185927198458914589882295

z: 227007621692847673646044763488433379440048805661
x: 62478779193559710504134536963996068287840997139
-x: 273662496078108860047228185927198458914589882295

z: 227007621692847673646044763488433379440048805661
x: 62478779193559710504134536963996068287840997139
-x: 273662496078108860047228185927198458914589882295

z: 227007621692847673646044763488433379440048805661
x: 62478779193559710504134536963996068287840997139
-x: 273662496078108860047228185927198458914589882295

z: 227007621692847673646044763488433379440048805661
x: 62478779193559710504134536963996068287840997139
-x: 273662496078108860047228185927198458914589882295

z: 227007621692847673646044763488433379440048805661
x: 62478779193559710504134536963996068287840997139
-x: 273662496078108860047228185927198458914589882295

z: 227007621692847673646044763488433379440048805661
x: 62478779193559710504134536963996068287840997139
-x: 273662496078108860047228185927198458914589882295

z: 227007621692847673646044763488433379440048805661
x: 62478779193559710504134536963996068287840997139
-x: 273662496078108860047228185927198458914589882295

z: 227007621692847673646044763488433379440048805661
x: 62478779193559710504134536963996068287840997139
-x: 273662496078108860047228185927198458914589882295

z: 227007621692847673646044763488433379440048805661
x: 62478779193559710504134536963996068287840997139
-x: 273662496078108860047228185927198458914589882295

z: 227007621692847673646044763488433379440048805661
x: 62478779193559710504134536963996068287840997139
-x: 273662496078108860047228185927198458914589882295

z: 227007621692847673646044763488433379440048805661
x: 62478779193559710504134536963996068287840997139
-x: 273662496078108860047228185927198458914589882295

z: 227007621692847673646044763488433379440048805661
x: 62478779193559710504134536963996068287840997139
-x: 273662496078108860047228185927198458914589882295

z: 227007621692847673646044763488433379440048805661
x: 62478779193559710504134536963996068287840997139
-x: 273662496078108860047228185927198458914589882295

z: 227007621692847673646044763488433379440048805661
x: 62478779193559710504134536963996068287840997139
-x: 273662496078108860047228185927198458914589882295

z: 227007621692847673646044763488433379440048805661
x: 62478779193559710504134536963996068287840997139
-x: 273662496078108860047228185927198458914589882295

z: 227007621692847673646044763488433379440048805661
x: 62478779193559710504134536963996068287840997139
-x: 273662496078108860047228185927198458914589882295

z: 227007621692847673646044763488433379440048805661
x: 62478779193559710504134536963996068287840997139
-x: 273662496078108860047228185927198458914589882295

z: 227007621692847673646044763488433379440048805661
x: 62478779193559710504134536963996068287840997139
-x: 273662496078108860047228185927198458914589882295

z: 227007621692847673646044763488433379440048805661
x: 62478779193559710504134536963996068287840997139
-x: 273662496078108860047228185927198458914589882295

z: 227007621692847673646044763488433379440048805661
x: 62478779193559710504134536963996068287840997139
-x: 273662496078108860047228185927198458914589882295

z: 227007621692847673646044763488433379440048805661
x: 62478779193559710504134536963996068287840997139
-x: 273662496078108860047228185927198458914589882295

z: 227007621692847673646044763488433379440048805661
x: 62478779193559710504134536963996068287840997139
-x: 273662496078108860047228185927198458914589882295

z: 227007621692847673646044763488433379440048805661
x: 62478779193559710504134536963996068287840997139
-x: 273662496078108860047228185927198458914589882295

z: 227007621692847673646044763488433379440048805661
x: 62478779193559710504134536963996068287840997139
-x: 273662496078108860047228185927198458914589882295

z: 227007621692847673646044763488433379440048805661
x: 62478779193559710504134536963996068287840997139
-x: 273662496078108860047228185927198458914589882295

z: 227007621692847673646044763488433379440048805661
x: 62478779193559710504134536963996068287840997139
-x: 273662496078108860047228185927198458914589882295

z: 227007621692847673646044763488433379440048805661
x: 62478779193559710504134536963996068287840997139
-x: 273662496078108860047228185927198458914589882295

z: 227007621692847673646044763488433379440048805661
x: 62478779193559710504134536963996068287840997139
-x: 273662496078108860047228185927198458914589882295

z: 227007621692847673646044763488433379440048805661
x: 62478779193559710504134536963996068287840997139
-x: 273662496078108860047228185927198458914589882295

z: 227007621692847673646044763488433379440048805661
x: 62478779193559710504134536963996068287840997139
-x: 273662496078108860047228185927198458914589882295

z: 227007621692847673646044763488433379440048805661
x: 62478779193559710504134536963996068287840997139
-x: 273662496078108860047228185927198458914589882295

z: 227007621692847673646044763488433379440048805661
x: 62478779193559710504134536963996068287840997139
-x: 273662496078108860047228185927198458914589882295

z: 227007621692847673646044763488433379440048805661
x: 62478779193559710504134536963996068287840997139
-x: 273662496078108860047228185927198458914589882295

z: 227007621692847673646044763488433379440048805661
x: 62478779193559710504134536963996068287840997139
-x: 273662496078108860047228185927198458914589882295

z: 227007621692847673646044763488433379440048805661
x: 62478779193559710504134536963996068287840997139
-x: 273662496078108860047228185927198458914589882295

z: 227007621692847673646044763488433379440048805661
x: 62478779193559710504134536963996068287840997139
-x: 273662496078108860047228185927198458914589882295

z: 227007621692847673646044763488433379440048805661
x: 62478779193559710504134536963996068287840997139
-x: 273662496078108860047228185927198458914589882295

z: 227007621692847673646044763488433379440048805661
x: 62478779193559710504134536963996068287840997139
-x: 273662496078108860047228185927198458914589882295

z: 227007621692847673646044763488433379440048805661
x: 62478779193559710504134536963996068287840997139
-x: 273662496078108860047228185927198458914589882295

z: 227007621692847673646044763488433379440048805661
x: 62478779193559710504134536963996068287840997139
-x: 273662496078108860047228185927198458914589882295

z: 227007621692847673646044763488433379440048805661
x: 62478779193559710504134536963996068287840997139
-x: 273662496078108860047228185927198458914589882295

z: 227007621692847673646044763488433379440048805661
x: 62478779193559710504134536963996068287840997139
-x: 273662496078108860047228185927198458914589882295

z: 227007621692847673646044763488433379440048805661
x: 62478779193559710504134536963996068287840997139
-x: 273662496078108860047228185927198458914589882295

z: 227007621692847673646044763488433379440048805661
x: 62478779193559710504134536963996068287840997139
-x: 273662496078108860047228185927198458914589882295

z: 227007621692847673646044763488433379440048805661
x: 62478779193559710504134536963996068287840997139
-x: 273662496078108860047228185927198458914589882295

z: 227007621692847673646044763488433379440048805661
x: 62478779193559710504134536963996068287840997139
-x: 273662496078108860047228185927198458914589882295

z: 227007621692847673646044763488433379440048805661
x: 62478779193559710504134536963996068287840997139
-x: 273662496078108860047228185927198458914589882295

z: 227007621692847673646044763488433379440048805661
x: 62478779193559710504134536963996068287840997139
-x: 273662496078108860047228185927198458914589882295

z: 227007621692847673646044763488433379440048805661
x: 62478779193559710504134536963996068287840997139
-x: 273662496078108860047228185927198458914589882295

z: 227007621692847673646044763488433379440048805661
x: 62478779193559710504134536963996068287840997139
-x: 273662496078108860047228185927198458914589882295

z: 227007621692847673646044763488433379440048805661
x: 62478779193559710504134536963996068287840997139
-x: 273662496078108860047228185927198458914589882295

z: 227007621692847673646044763488433379440048805661
x: 62478779193559710504134536963996068287840997139
-x: 273662496078108860047228185927198458914589882295

z: 227007621692847673646044763488433379440048805661
x: 62478779193559710504134536963996068287840997139
-x: 273662496078108860047228185927198458914589882295

z: 227007621692847673646044763488433379440048805661
x: 62478779193559710504134536963996068287840997139
-x: 273662496078108860047228185927198458914589882295

z: 227007621692847673646044763488433379440048805661
x: 62478779193559710504134536963996068287840997139
-x: 273662496078108860047228185927198458914589882295

z: 227007621692847673646044763488433379440048805661
x: 62478779193559710504134536963996068287840997139
-x: 273662496078108860047228185927198458914589882295

z: 227007621692847673646044763488433379440048805661
x: 62478779193559710504134536963996068287840997139
-x: 273662496078108860047228185927198458914589882295

z: 227007621692847673646044763488433379440048805661
x: 62478779193559710504134536963996068287840997139
-x: 273662496078108860047228185927198458914589882295

z: 227007621692847673646044763488433379440048805661
x: 62478779193559710504134536963996068287840997139
-x: 273662496078108860047228185927198458914589882295

z: 227007621692847673646044763488433379440048805661
x: 62478779193559710504134536963996068287840997139
-x: 273662496078108860047228185927198458914589882295

z: 227007621692847673646044763488433379440048805661
x: 62478779193559710504134536963996068287840997139
-x: 273662496078108860047228185927198458914589882295

z: 227007621692847673646044763488433379440048805661
x: 62478779193559710504134536963996068287840997139
-x: 273662496078108860047228185927198458914589882295

z: 227007621692847673646044763488433379440048805661
x: 62478779193559710504134536963996068287840997139
-x: 273662496078108860047228185927198458914589882295

z: 227007621692847673646044763488433379440048805661
x: 62478779193559710504134536963996068287840997139
-x: 273662496078108860047228185927198458914589882295

z: 227007621692847673646044763488433379440048805661
x: 62478779193559710504134536963996068287840997139
-x: 273662496078108860047228185927198458914589882295

z: 227007621692847673646044763488433379440048805661
x: 62478779193559710504134536963996068287840997139
-x: 273662496078108860047228185927198458914589882295

z: 227007621692847673646044763488433379440048805661
x: 62478779193559710504134536963996068287840997139
-x: 273662496078108860047228185927198458914589882295

z: 227007621692847673646044763488433379440048805661
x: 62478779193559710504134536963996068287840997139
-x: 273662496078108860047228185927198458914589882295

z: 227007621692847673646044763488433379440048805661
x: 62478779193559710504134536963996068287840997139
-x: 273662496078108860047228185927198458914589882295

z: 227007621692847673646044763488433379440048805661
x: 62478779193559710504134536963996068287840997139
-x: 273662496078108860047228185927198458914589882295

z: 227007621692847673646044763488433379440048805661
x: 62478779193559710504134536963996068287840997139
-x: 273662496078108860047228185927198458914589882295

z: 227007621692847673646044763488433379440048805661
x: 62478779193559710504134536963996068287840997139
-x: 273662496078108860047228185927198458914589882295

z: 227007621692847673646044763488433379440048805661
x: 62478779193559710504134536963996068287840997139
-x: 273662496078108860047228185927198458914589882295

z: 227007621692847673646044763488433379440048805661
x: 62478779193559710504134536963996068287840997139
-x: 273662496078108860047228185927198458914589882295

z: 227007621692847673646044763488433379440048805661
x: 62478779193559710504134536963996068287840997139
-x: 273662496078108860047228185927198458914589882295

z: 227007621692847673646044763488433379440048805661
x: 62478779193559710504134536963996068287840997139
-x: 273662496078108860047228185927198458914589882295

z: 227007621692847673646044763488433379440048805661
x: 62478779193559710504134536963996068287840997139
-x: 273662496078108860047228185927198458914589882295

z: 227007621692847673646044763488433379440048805661
x: 62478779193559710504134536963996068287840997139
-x: 273662496078108860047228185927198458914589882295

z: 227007621692847673646044763488433379440048805661
x: 62478779193559710504134536963996068287840997139
-x: 273662496078108860047228185927198458914589882295

z: 227007621692847673646044763488433379440048805661
x: 62478779193559710504134536963996068287840997139
-x: 273662496078108860047228185927198458914589882295

z: 227007621692847673646044763488433379440048805661
x: 62478779193559710504134536963996068287840997139
-x: 273662496078108860047228185927198458914589882295

z: 227007621692847673646044763488433379440048805661
x: 62478779193559710504134536963996068287840997139
-x: 273662496078108860047228185927198458914589882295

z: 227007621692847673646044763488433379440048805661
x: 62478779193559710504134536963996068287840997139
-x: 273662496078108860047228185927198458914589882295

z: 227007621692847673646044763488433379440048805661
x: 62478779193559710504134536963996068287840997139
-x: 273662496078108860047228185927198458914589882295

z: 227007621692847673646044763488433379440048805661
x: 62478779193559710504134536963996068287840997139
-x: 273662496078108860047228185927198458914589882295

z: 227007621692847673646044763488433379440048805661
x: 62478779193559710504134536963996068287840997139
-x: 273662496078108860047228185927198458914589882295

z: 227007621692847673646044763488433379440048805661
x: 62478779193559710504134536963996068287840997139
-x: 273662496078108860047228185927198458914589882295

z: 227007621692847673646044763488433379440048805661
x: 62478779193559710504134536963996068287840997139
-x: 273662496078108860047228185927198458914589882295

z: 227007621692847673646044763488433379440048805661
x: 62478779193559710504134536963996068287840997139
-x: 273662496078108860047228185927198458914589882295

z: 227007621692847673646044763488433379440048805661
x: 62478779193559710504134536963996068287840997139
-x: 273662496078108860047228185927198458914589882295

z: 227007621692847673646044763488433379440048805661
x: 62478779193559710504134536963996068287840997139
-x: 273662496078108860047228185927198458914589882295

z: 227007621692847673646044763488433379440048805661
x: 62478779193559710504134536963996068287840997139
-x: 273662496078108860047228185927198458914589882295

z: 227007621692847673646044763488433379440048805661
x: 62478779193559710504134536963996068287840997139
-x: 273662496078108860047228185927198458914589882295

z: 227007621692847673646044763488433379440048805661
x: 62478779193559710504134536963996068287840997139
-x: 273662496078108860047228185927198458914589882295

z: 227007621692847673646044763488433379440048805661
x: 62478779193559710504134536963996068287840997139
-x: 273662496078108860047228185927198458914589882295

z: 227007621692847673646044763488433379440048805661
x: 62478779193559710504134536963996068287840997139
-x: 273662496078108860047228185927198458914589882295

z: 227007621692847673646044763488433379440048805661
x: 62478779193559710504134536963996068287840997139
-x: 273662496078108860047228185927198458914589882295

z: 227007621692847673646044763488433379440048805661
x: 62478779193559710504134536963996068287840997139
-x: 273662496078108860047228185927198458914589882295

z: 227007621692847673646044763488433379440048805661
x: 62478779193559710504134536963996068287840997139
-x: 273662496078108860047228185927198458914589882295

z: 227007621692847673646044763488433379440048805661
x: 62478779193559710504134536963996068287840997139
-x: 273662496078108860047228185927198458914589882295

z: 227007621692847673646044763488433379440048805661
x: 62478779193559710504134536963996068287840997139
-x: 273662496078108860047228185927198458914589882295

z: 227007621692847673646044763488433379440048805661
x: 62478779193559710504134536963996068287840997139
-x: 273662496078108860047228185927198458914589882295

z: 227007621692847673646044763488433379440048805661
x: 62478779193559710504134536963996068287840997139
-x: 273662496078108860047228185927198458914589882295

z: 227007621692847673646044763488433379440048805661
x: 62478779193559710504134536963996068287840997139
-x: 273662496078108860047228185927198458914589882295

z: 227007621692847673646044763488433379440048805661
x: 62478779193559710504134536963996068287840997139
-x: 273662496078108860047228185927198458914589882295

z: 227007621692847673646044763488433379440048805661
x: 62478779193559710504134536963996068287840997139
-x: 273662496078108860047228185927198458914589882295

z: 227007621692847673646044763488433379440048805661
x: 62478779193559710504134536963996068287840997139
-x: 273662496078108860047228185927198458914589882295

z: 227007621692847673646044763488433379440048805661
x: 62478779193559710504134536963996068287840997139
-x: 273662496078108860047228185927198458914589882295

z: 227007621692847673646044763488433379440048805661
x: 62478779193559710504134536963996068287840997139
-x: 273662496078108860047228185927198458914589882295

z: 227007621692847673646044763488433379440048805661
x: 62478779193559710504134536963996068287840997139
-x: 273662496078108860047228185927198458914589882295

z: 227007621692847673646044763488433379440048805661
x: 62478779193559710504134536963996068287840997139
-x: 273662496078108860047228185927198458914589882295

z: 227007621692847673646044763488433379440048805661
x: 62478779193559710504134536963996068287840997139
-x: 273662496078108860047228185927198458914589882295

z: 227007621692847673646044763488433379440048805661
x: 62478779193559710504134536963996068287840997139
-x: 273662496078108860047228185927198458914589882295

z: 227007621692847673646044763488433379440048805661
x: 62478779193559710504134536963996068287840997139
-x: 273662496078108860047228185927198458914589882295

z: 227007621692847673646044763488433379440048805661
x: 62478779193559710504134536963996068287840997139
-x: 273662496078108860047228185927198458914589882295

z: 227007621692847673646044763488433379440048805661
x: 62478779193559710504134536963996068287840997139
-x: 273662496078108860047228185927198458914589882295

z: 227007621692847673646044763488433379440048805661
x: 62478779193559710504134536963996068287840997139
-x: 273662496078108860047228185927198458914589882295

z: 227007621692847673646044763488433379440048805661
x: 62478779193559710504134536963996068287840997139
-x: 273662496078108860047228185927198458914589882295

z: 227007621692847673646044763488433379440048805661
x: 62478779193559710504134536963996068287840997139
-x: 273662496078108860047228185927198458914589882295

z: 227007621692847673646044763488433379440048805661
x: 62478779193559710504134536963996068287840997139
-x: 273662496078108860047228185927198458914589882295

z: 227007621692847673646044763488433379440048805661
x: 62478779193559710504134536963996068287840997139
-x: 273662496078108860047228185927198458914589882295

z: 227007621692847673646044763488433379440048805661
x: 62478779193559710504134536963996068287840997139
-x: 273662496078108860047228185927198458914589882295

z: 227007621692847673646044763488433379440048805661
x: 62478779193559710504134536963996068287840997139
-x: 273662496078108860047228185927198458914589882295

z: 227007621692847673646044763488433379440048805661
x: 62478779193559710504134536963996068287840997139
-x: 273662496078108860047228185927198458914589882295

z: 227007621692847673646044763488433379440048805661
x: 62478779193559710504134536963996068287840997139
-x: 273662496078108860047228185927198458914589882295

z: 227007621692847673646044763488433379440048805661
x: 62478779193559710504134536963996068287840997139
-x: 273662496078108860047228185927198458914589882295

z: 227007621692847673646044763488433379440048805661
x: 62478779193559710504134536963996068287840997139
-x: 273662496078108860047228185927198458914589882295

z: 227007621692847673646044763488433379440048805661
x: 62478779193559710504134536963996068287840997139
-x: 273662496078108860047228185927198458914589882295

z: 227007621692847673646044763488433379440048805661
x: 62478779193559710504134536963996068287840997139
-x: 273662496078108860047228185927198458914589882295

z: 227007621692847673646044763488433379440048805661
x: 62478779193559710504134536963996068287840997139
-x: 273662496078108860047228185927198458914589882295

z: 227007621692847673646044763488433379440048805661
x: 62478779193559710504134536963996068287840997139
-x: 273662496078108860047228185927198458914589882295

z: 227007621692847673646044763488433379440048805661
x: 62478779193559710504134536963996068287840997139
-x: 273662496078108860047228185927198458914589882295

z: 227007621692847673646044763488433379440048805661
x: 62478779193559710504134536963996068287840997139
-x: 273662496078108860047228185927198458914589882295

z: 227007621692847673646044763488433379440048805661
x: 62478779193559710504134536963996068287840997139
-x: 273662496078108860047228185927198458914589882295

z: 227007621692847673646044763488433379440048805661
x: 62478779193559710504134536963996068287840997139
-x: 273662496078108860047228185927198458914589882295

z: 227007621692847673646044763488433379440048805661
x: 62478779193559710504134536963996068287840997139
-x: 273662496078108860047228185927198458914589882295

z: 227007621692847673646044763488433379440048805661
x: 62478779193559710504134536963996068287840997139
-x: 273662496078108860047228185927198458914589882295

z: 227007621692847673646044763488433379440048805661
x: 62478779193559710504134536963996068287840997139
-x: 273662496078108860047228185927198458914589882295

z: 227007621692847673646044763488433379440048805661
x: 62478779193559710504134536963996068287840997139
-x: 273662496078108860047228185927198458914589882295

z: 227007621692847673646044763488433379440048805661
x: 62478779193559710504134536963996068287840997139
-x: 273662496078108860047228185927198458914589882295

z: 227007621692847673646044763488433379440048805661
x: 62478779193559710504134536963996068287840997139
-x: 273662496078108860047228185927198458914589882295

z: 227007621692847673646044763488433379440048805661
x: 62478779193559710504134536963996068287840997139
-x: 273662496078108860047228185927198458914589882295

z: 227007621692847673646044763488433379440048805661
x: 62478779193559710504134536963996068287840997139
-x: 273662496078108860047228185927198458914589882295

z: 227007621692847673646044763488433379440048805661
x: 62478779193559710504134536963996068287840997139
-x: 273662496078108860047228185927198458914589882295

z: 227007621692847673646044763488433379440048805661
x: 62478779193559710504134536963996068287840997139
-x: 273662496078108860047228185927198458914589882295

z: 227007621692847673646044763488433379440048805661
x: 62478779193559710504134536963996068287840997139
-x: 273662496078108860047228185927198458914589882295

z: 227007621692847673646044763488433379440048805661
x: 62478779193559710504134536963996068287840997139
-x: 273662496078108860047228185927198458914589882295

z: 227007621692847673646044763488433379440048805661
x: 62478779193559710504134536963996068287840997139
-x: 273662496078108860047228185927198458914589882295

z: 227007621692847673646044763488433379440048805661
x: 62478779193559710504134536963996068287840997139
-x: 273662496078108860047228185927198458914589882295

z: 227007621692847673646044763488433379440048805661
x: 62478779193559710504134536963996068287840997139
-x: 273662496078108860047228185927198458914589882295

z: 227007621692847673646044763488433379440048805661
x: 62478779193559710504134536963996068287840997139
-x: 273662496078108860047228185927198458914589882295

z: 227007621692847673646044763488433379440048805661
x: 62478779193559710504134536963996068287840997139
-x: 273662496078108860047228185927198458914589882295

z: 227007621692847673646044763488433379440048805661
x: 62478779193559710504134536963996068287840997139
-x: 273662496078108860047228185927198458914589882295

z: 227007621692847673646044763488433379440048805661
x: 62478779193559710504134536963996068287840997139
-x: 273662496078108860047228185927198458914589882295

z: 227007621692847673646044763488433379440048805661
x: 62478779193559710504134536963996068287840997139
-x: 273662496078108860047228185927198458914589882295

z: 227007621692847673646044763488433379440048805661
x: 62478779193559710504134536963996068287840997139
-x: 273662496078108860047228185927198458914589882295

z: 227007621692847673646044763488433379440048805661
x: 62478779193559710504134536963996068287840997139
-x: 273662496078108860047228185927198458914589882295

z: 227007621692847673646044763488433379440048805661
x: 62478779193559710504134536963996068287840997139
-x: 273662496078108860047228185927198458914589882295

z: 227007621692847673646044763488433379440048805661
x: 62478779193559710504134536963996068287840997139
-x: 273662496078108860047228185927198458914589882295

z: 227007621692847673646044763488433379440048805661
x: 62478779193559710504134536963996068287840997139
-x: 273662496078108860047228185927198458914589882295

z: 227007621692847673646044763488433379440048805661
x: 62478779193559710504134536963996068287840997139
-x: 273662496078108860047228185927198458914589882295

]]></system-out>
    <system-err><![CDATA[oct. 15, 2024 10:24:58 P. M. org.suai.protocol.Authentication falseAuthentication
INFO: Fallo en el intento numero: 1
oct. 15, 2024 10:24:58 P. M. org.suai.protocol.Authentication falseAuthentication
INFO: Fallo en el intento numero: 2
oct. 15, 2024 10:24:58 P. M. org.suai.protocol.Authentication falseAuthentication
INFO: Fallo en el intento numero: 3
oct. 15, 2024 10:24:58 P. M. org.suai.protocol.Authentication falseAuthentication
INFO: Fallo en el intento numero: 4
oct. 15, 2024 10:24:58 P. M. org.suai.protocol.Authentication falseAuthentication
INFO: Fallo en el intento numero: 5
oct. 15, 2024 10:24:58 P. M. org.suai.protocol.Authentication falseAuthentication
INFO: Fallo en el intento numero: 6
oct. 15, 2024 10:24:58 P. M. org.suai.protocol.Authentication falseAuthentication
INFO: Fallo en el intento numero: 7
oct. 15, 2024 10:24:59 P. M. org.suai.protocol.Authentication falseAuthentication
INFO: Fallo en el intento numero: 8
oct. 15, 2024 10:24:59 P. M. org.suai.protocol.Authentication falseAuthentication
INFO: Fallo en el intento numero: 9
oct. 15, 2024 10:24:59 P. M. org.suai.protocol.Authentication falseAuthentication
INFO: Fallo en el intento numero: 10
oct. 15, 2024 10:24:59 P. M. org.suai.protocol.Authentication falseAuthentication
INFO: Se ha superado el limite de intentos permitidos.
oct. 15, 2024 10:24:59 P. M. org.suai.protocol.AuthenticationTest testFalseAuthenticationFailure
INFO: La autenticación falsa fue no exitosa, como se esperaba.
]]></system-err>
  </testcase>
  <testcase name="testRandomValuesFalseAuthentication" classname="org.suai.protocol.AuthenticationTest" time="0.152">
    <system-out><![CDATA[Se utilizó el vector e: [1, 0, 1] - intentemos adivinarlo.
z: 736630466452693482768356392590864592095380520555
x: 561759438918560895261310436439210435187812440637
-x: 403698036950307126926443702678727506684384149194

z: 736630466452693482768356392590864592095380520555
x: 561759438918560895261310436439210435187812440637
-x: 403698036950307126926443702678727506684384149194

z: 736630466452693482768356392590864592095380520555
x: 561759438918560895261310436439210435187812440637
-x: 403698036950307126926443702678727506684384149194

z: 736630466452693482768356392590864592095380520555
x: 561759438918560895261310436439210435187812440637
-x: 403698036950307126926443702678727506684384149194

z: 736630466452693482768356392590864592095380520555
x: 561759438918560895261310436439210435187812440637
-x: 403698036950307126926443702678727506684384149194

z: 736630466452693482768356392590864592095380520555
x: 561759438918560895261310436439210435187812440637
-x: 403698036950307126926443702678727506684384149194

z: 736630466452693482768356392590864592095380520555
x: 561759438918560895261310436439210435187812440637
-x: 403698036950307126926443702678727506684384149194

z: 736630466452693482768356392590864592095380520555
x: 561759438918560895261310436439210435187812440637
-x: 403698036950307126926443702678727506684384149194

z: 736630466452693482768356392590864592095380520555
x: 561759438918560895261310436439210435187812440637
-x: 403698036950307126926443702678727506684384149194

z: 736630466452693482768356392590864592095380520555
x: 561759438918560895261310436439210435187812440637
-x: 403698036950307126926443702678727506684384149194

z: 736630466452693482768356392590864592095380520555
x: 561759438918560895261310436439210435187812440637
-x: 403698036950307126926443702678727506684384149194

z: 736630466452693482768356392590864592095380520555
x: 561759438918560895261310436439210435187812440637
-x: 403698036950307126926443702678727506684384149194

z: 736630466452693482768356392590864592095380520555
x: 561759438918560895261310436439210435187812440637
-x: 403698036950307126926443702678727506684384149194

z: 736630466452693482768356392590864592095380520555
x: 561759438918560895261310436439210435187812440637
-x: 403698036950307126926443702678727506684384149194

z: 736630466452693482768356392590864592095380520555
x: 561759438918560895261310436439210435187812440637
-x: 403698036950307126926443702678727506684384149194

z: 736630466452693482768356392590864592095380520555
x: 561759438918560895261310436439210435187812440637
-x: 403698036950307126926443702678727506684384149194

z: 736630466452693482768356392590864592095380520555
x: 561759438918560895261310436439210435187812440637
-x: 403698036950307126926443702678727506684384149194

z: 736630466452693482768356392590864592095380520555
x: 561759438918560895261310436439210435187812440637
-x: 403698036950307126926443702678727506684384149194

z: 736630466452693482768356392590864592095380520555
x: 561759438918560895261310436439210435187812440637
-x: 403698036950307126926443702678727506684384149194

z: 736630466452693482768356392590864592095380520555
x: 561759438918560895261310436439210435187812440637
-x: 403698036950307126926443702678727506684384149194

z: 736630466452693482768356392590864592095380520555
x: 561759438918560895261310436439210435187812440637
-x: 403698036950307126926443702678727506684384149194

z: 736630466452693482768356392590864592095380520555
x: 561759438918560895261310436439210435187812440637
-x: 403698036950307126926443702678727506684384149194

z: 736630466452693482768356392590864592095380520555
x: 561759438918560895261310436439210435187812440637
-x: 403698036950307126926443702678727506684384149194

z: 736630466452693482768356392590864592095380520555
x: 561759438918560895261310436439210435187812440637
-x: 403698036950307126926443702678727506684384149194

z: 736630466452693482768356392590864592095380520555
x: 561759438918560895261310436439210435187812440637
-x: 403698036950307126926443702678727506684384149194

z: 736630466452693482768356392590864592095380520555
x: 561759438918560895261310436439210435187812440637
-x: 403698036950307126926443702678727506684384149194

z: 736630466452693482768356392590864592095380520555
x: 561759438918560895261310436439210435187812440637
-x: 403698036950307126926443702678727506684384149194

z: 736630466452693482768356392590864592095380520555
x: 561759438918560895261310436439210435187812440637
-x: 403698036950307126926443702678727506684384149194

z: 736630466452693482768356392590864592095380520555
x: 561759438918560895261310436439210435187812440637
-x: 403698036950307126926443702678727506684384149194

z: 736630466452693482768356392590864592095380520555
x: 561759438918560895261310436439210435187812440637
-x: 403698036950307126926443702678727506684384149194

z: 736630466452693482768356392590864592095380520555
x: 561759438918560895261310436439210435187812440637
-x: 403698036950307126926443702678727506684384149194

z: 736630466452693482768356392590864592095380520555
x: 561759438918560895261310436439210435187812440637
-x: 403698036950307126926443702678727506684384149194

z: 736630466452693482768356392590864592095380520555
x: 561759438918560895261310436439210435187812440637
-x: 403698036950307126926443702678727506684384149194

z: 736630466452693482768356392590864592095380520555
x: 561759438918560895261310436439210435187812440637
-x: 403698036950307126926443702678727506684384149194

z: 736630466452693482768356392590864592095380520555
x: 561759438918560895261310436439210435187812440637
-x: 403698036950307126926443702678727506684384149194

z: 736630466452693482768356392590864592095380520555
x: 561759438918560895261310436439210435187812440637
-x: 403698036950307126926443702678727506684384149194

z: 736630466452693482768356392590864592095380520555
x: 561759438918560895261310436439210435187812440637
-x: 403698036950307126926443702678727506684384149194

z: 736630466452693482768356392590864592095380520555
x: 561759438918560895261310436439210435187812440637
-x: 403698036950307126926443702678727506684384149194

z: 736630466452693482768356392590864592095380520555
x: 561759438918560895261310436439210435187812440637
-x: 403698036950307126926443702678727506684384149194

z: 736630466452693482768356392590864592095380520555
x: 561759438918560895261310436439210435187812440637
-x: 403698036950307126926443702678727506684384149194

z: 736630466452693482768356392590864592095380520555
x: 561759438918560895261310436439210435187812440637
-x: 403698036950307126926443702678727506684384149194

z: 736630466452693482768356392590864592095380520555
x: 561759438918560895261310436439210435187812440637
-x: 403698036950307126926443702678727506684384149194

z: 736630466452693482768356392590864592095380520555
x: 561759438918560895261310436439210435187812440637
-x: 403698036950307126926443702678727506684384149194

z: 736630466452693482768356392590864592095380520555
x: 561759438918560895261310436439210435187812440637
-x: 403698036950307126926443702678727506684384149194

z: 736630466452693482768356392590864592095380520555
x: 561759438918560895261310436439210435187812440637
-x: 403698036950307126926443702678727506684384149194

z: 736630466452693482768356392590864592095380520555
x: 561759438918560895261310436439210435187812440637
-x: 403698036950307126926443702678727506684384149194

z: 736630466452693482768356392590864592095380520555
x: 561759438918560895261310436439210435187812440637
-x: 403698036950307126926443702678727506684384149194

z: 736630466452693482768356392590864592095380520555
x: 561759438918560895261310436439210435187812440637
-x: 403698036950307126926443702678727506684384149194

z: 736630466452693482768356392590864592095380520555
x: 561759438918560895261310436439210435187812440637
-x: 403698036950307126926443702678727506684384149194

z: 736630466452693482768356392590864592095380520555
x: 561759438918560895261310436439210435187812440637
-x: 403698036950307126926443702678727506684384149194

z: 736630466452693482768356392590864592095380520555
x: 561759438918560895261310436439210435187812440637
-x: 403698036950307126926443702678727506684384149194

z: 736630466452693482768356392590864592095380520555
x: 561759438918560895261310436439210435187812440637
-x: 403698036950307126926443702678727506684384149194

z: 736630466452693482768356392590864592095380520555
x: 561759438918560895261310436439210435187812440637
-x: 403698036950307126926443702678727506684384149194

z: 736630466452693482768356392590864592095380520555
x: 561759438918560895261310436439210435187812440637
-x: 403698036950307126926443702678727506684384149194

z: 736630466452693482768356392590864592095380520555
x: 561759438918560895261310436439210435187812440637
-x: 403698036950307126926443702678727506684384149194

z: 736630466452693482768356392590864592095380520555
x: 561759438918560895261310436439210435187812440637
-x: 403698036950307126926443702678727506684384149194

z: 736630466452693482768356392590864592095380520555
x: 561759438918560895261310436439210435187812440637
-x: 403698036950307126926443702678727506684384149194

z: 736630466452693482768356392590864592095380520555
x: 561759438918560895261310436439210435187812440637
-x: 403698036950307126926443702678727506684384149194

z: 736630466452693482768356392590864592095380520555
x: 561759438918560895261310436439210435187812440637
-x: 403698036950307126926443702678727506684384149194

z: 736630466452693482768356392590864592095380520555
x: 561759438918560895261310436439210435187812440637
-x: 403698036950307126926443702678727506684384149194

z: 736630466452693482768356392590864592095380520555
x: 561759438918560895261310436439210435187812440637
-x: 403698036950307126926443702678727506684384149194

z: 736630466452693482768356392590864592095380520555
x: 561759438918560895261310436439210435187812440637
-x: 403698036950307126926443702678727506684384149194

z: 736630466452693482768356392590864592095380520555
x: 561759438918560895261310436439210435187812440637
-x: 403698036950307126926443702678727506684384149194

z: 736630466452693482768356392590864592095380520555
x: 561759438918560895261310436439210435187812440637
-x: 403698036950307126926443702678727506684384149194

z: 736630466452693482768356392590864592095380520555
x: 561759438918560895261310436439210435187812440637
-x: 403698036950307126926443702678727506684384149194

z: 736630466452693482768356392590864592095380520555
x: 561759438918560895261310436439210435187812440637
-x: 403698036950307126926443702678727506684384149194

z: 736630466452693482768356392590864592095380520555
x: 561759438918560895261310436439210435187812440637
-x: 403698036950307126926443702678727506684384149194

z: 736630466452693482768356392590864592095380520555
x: 561759438918560895261310436439210435187812440637
-x: 403698036950307126926443702678727506684384149194

z: 736630466452693482768356392590864592095380520555
x: 561759438918560895261310436439210435187812440637
-x: 403698036950307126926443702678727506684384149194

z: 736630466452693482768356392590864592095380520555
x: 561759438918560895261310436439210435187812440637
-x: 403698036950307126926443702678727506684384149194

]]></system-out>
    <system-err><![CDATA[oct. 15, 2024 10:24:59 P. M. org.suai.protocol.AuthenticationTest testRandomValuesFalseAuthentication
INFO: Probando autenticación falsa con k: 3, n: 908246776205977422469830815010853335338610490939
oct. 15, 2024 10:24:59 P. M. org.suai.protocol.Authentication falseAuthentication
INFO: Fallo en el intento numero: 1
oct. 15, 2024 10:24:59 P. M. org.suai.protocol.Authentication falseAuthentication
INFO: Fallo en el intento numero: 2
oct. 15, 2024 10:24:59 P. M. org.suai.protocol.Authentication falseAuthentication
INFO: Fallo en el intento numero: 3
oct. 15, 2024 10:24:59 P. M. org.suai.protocol.Authentication falseAuthentication
INFO: Fallo en el intento numero: 4
oct. 15, 2024 10:24:59 P. M. org.suai.protocol.Authentication falseAuthentication
INFO: Fallo en el intento numero: 5
oct. 15, 2024 10:24:59 P. M. org.suai.protocol.Authentication falseAuthentication
INFO: Fallo en el intento numero: 6
oct. 15, 2024 10:24:59 P. M. org.suai.protocol.Authentication falseAuthentication
INFO: Fallo en el intento numero: 7
oct. 15, 2024 10:24:59 P. M. org.suai.protocol.Authentication falseAuthentication
INFO: Fallo en el intento numero: 8
oct. 15, 2024 10:24:59 P. M. org.suai.protocol.Authentication falseAuthentication
INFO: Fallo en el intento numero: 9
oct. 15, 2024 10:24:59 P. M. org.suai.protocol.Authentication falseAuthentication
INFO: Fallo en el intento numero: 10
oct. 15, 2024 10:24:59 P. M. org.suai.protocol.Authentication falseAuthentication
INFO: Se ha superado el limite de intentos permitidos.
oct. 15, 2024 10:24:59 P. M. org.suai.protocol.AuthenticationTest testRandomValuesFalseAuthentication
INFO: La autenticación falsa fue no exitosa, como se esperaba.
]]></system-err>
  </testcase>
</testsuite>